

================================================================
== Vivado HLS Report for 'openhab_controls'
================================================================
* Date:           Fri Mar 26 14:32:32 2021

* Version:        2019.2 (Build 2704478 on Wed Nov 06 22:10:23 MST 2019)
* Project:        openhab_controls
* Solution:       solution1
* Product family: zynquplus
* Target device:  xczu3eg-sbva484-1-e


================================================================
== Performance Estimates
================================================================
+ Timing: 
    * Summary: 
    +--------+----------+----------+------------+
    |  Clock |  Target  | Estimated| Uncertainty|
    +--------+----------+----------+------------+
    |ap_clk  | 10.00 ns | 2.691 ns |   1.25 ns  |
    +--------+----------+----------+------------+

+ Latency: 
    * Summary: 
    +---------+---------+----------+----------+-----+-----+---------+
    |  Latency (cycles) |  Latency (absolute) |  Interval | Pipeline|
    |   min   |   max   |    min   |    max   | min | max |   Type  |
    +---------+---------+----------+----------+-----+-----+---------+
    |       41|       41| 0.410 us | 0.410 us |   41|   41|   none  |
    +---------+---------+----------+----------+-----+-----+---------+

    + Detail: 
        * Instance: 
        N/A

        * Loop: 
        +----------+---------+---------+----------+-----------+-----------+------+----------+
        |          |  Latency (cycles) | Iteration|  Initiation Interval  | Trip |          |
        | Loop Name|   min   |   max   |  Latency |  achieved |   target  | Count| Pipelined|
        +----------+---------+---------+----------+-----------+-----------+------+----------+
        |- Loop 1  |       40|       40|         2|          -|          -|    20|    no    |
        +----------+---------+---------+----------+-----------+-----------+------+----------+

============================================================
+ Verbose Summary: Synthesis Manager
============================================================
InlineROM: 1
ExposeGlobal: 0
============================================================
+ Verbose Summary: CDFG Model
============================================================
IsTopModel: 1
ResetActiveHigh: 1
IsCombinational: 0
IsDatapathOnly: 0
HasWiredReturn: 1
HasMFsm: 0
HasVarLatency: 1
IsPipeline: 0
IsRtlPipelined: 0
IsInstanceOverlapped: 0
IsDontTouch: 0
HasImplIP: 0
IsGatedGlobalClock: 0


============================================================
+ Verbose Summary: Schedule
============================================================
* Number of FSM states : 3
* Pipeline : 0
* Dataflow Pipeline: 0

* FSM state transitions: 
1 --> 2 
2 --> 3 
3 --> 2 

* FSM state operations: 

State 1 <SV = 0> <Delay = 0.75>
ST_1 : Operation 4 [1/1] (0.00ns)   --->   "call void (...)* @_ssdm_op_SpecBitsMap(i32* %inStream_V_data_V), !map !58"   --->   Operation 4 'specbitsmap' <Predicate = true> <Delay = 0.00>
ST_1 : Operation 5 [1/1] (0.00ns)   --->   "call void (...)* @_ssdm_op_SpecBitsMap(i4* %inStream_V_keep_V), !map !64"   --->   Operation 5 'specbitsmap' <Predicate = true> <Delay = 0.00>
ST_1 : Operation 6 [1/1] (0.00ns)   --->   "call void (...)* @_ssdm_op_SpecBitsMap(i4* %inStream_V_strb_V), !map !68"   --->   Operation 6 'specbitsmap' <Predicate = true> <Delay = 0.00>
ST_1 : Operation 7 [1/1] (0.00ns)   --->   "call void (...)* @_ssdm_op_SpecBitsMap(i1* %inStream_V_user_V), !map !72"   --->   Operation 7 'specbitsmap' <Predicate = true> <Delay = 0.00>
ST_1 : Operation 8 [1/1] (0.00ns)   --->   "call void (...)* @_ssdm_op_SpecBitsMap(i1* %inStream_V_last_V), !map !76"   --->   Operation 8 'specbitsmap' <Predicate = true> <Delay = 0.00>
ST_1 : Operation 9 [1/1] (0.00ns)   --->   "call void (...)* @_ssdm_op_SpecBitsMap(i1* %inStream_V_id_V), !map !80"   --->   Operation 9 'specbitsmap' <Predicate = true> <Delay = 0.00>
ST_1 : Operation 10 [1/1] (0.00ns)   --->   "call void (...)* @_ssdm_op_SpecBitsMap(i1* %inStream_V_dest_V), !map !84"   --->   Operation 10 'specbitsmap' <Predicate = true> <Delay = 0.00>
ST_1 : Operation 11 [1/1] (0.00ns)   --->   "call void (...)* @_ssdm_op_SpecBitsMap(i32* %outStream_V_data_V), !map !88"   --->   Operation 11 'specbitsmap' <Predicate = true> <Delay = 0.00>
ST_1 : Operation 12 [1/1] (0.00ns)   --->   "call void (...)* @_ssdm_op_SpecBitsMap(i4* %outStream_V_keep_V), !map !92"   --->   Operation 12 'specbitsmap' <Predicate = true> <Delay = 0.00>
ST_1 : Operation 13 [1/1] (0.00ns)   --->   "call void (...)* @_ssdm_op_SpecBitsMap(i4* %outStream_V_strb_V), !map !96"   --->   Operation 13 'specbitsmap' <Predicate = true> <Delay = 0.00>
ST_1 : Operation 14 [1/1] (0.00ns)   --->   "call void (...)* @_ssdm_op_SpecBitsMap(i1* %outStream_V_user_V), !map !100"   --->   Operation 14 'specbitsmap' <Predicate = true> <Delay = 0.00>
ST_1 : Operation 15 [1/1] (0.00ns)   --->   "call void (...)* @_ssdm_op_SpecBitsMap(i1* %outStream_V_last_V), !map !104"   --->   Operation 15 'specbitsmap' <Predicate = true> <Delay = 0.00>
ST_1 : Operation 16 [1/1] (0.00ns)   --->   "call void (...)* @_ssdm_op_SpecBitsMap(i1* %outStream_V_id_V), !map !108"   --->   Operation 16 'specbitsmap' <Predicate = true> <Delay = 0.00>
ST_1 : Operation 17 [1/1] (0.00ns)   --->   "call void (...)* @_ssdm_op_SpecBitsMap(i1* %outStream_V_dest_V), !map !112"   --->   Operation 17 'specbitsmap' <Predicate = true> <Delay = 0.00>
ST_1 : Operation 18 [1/1] (0.00ns)   --->   "call void (...)* @_ssdm_op_SpecBitsMap([20 x i32]* %thresholds_V), !map !116"   --->   Operation 18 'specbitsmap' <Predicate = true> <Delay = 0.00>
ST_1 : Operation 19 [1/1] (0.00ns)   --->   "call void (...)* @_ssdm_op_SpecBitsMap([20 x i32]* %outData_V), !map !122"   --->   Operation 19 'specbitsmap' <Predicate = true> <Delay = 0.00>
ST_1 : Operation 20 [1/1] (0.00ns)   --->   "call void (...)* @_ssdm_op_SpecTopModule([17 x i8]* @openhab_controls_str) nounwind"   --->   Operation 20 'spectopmodule' <Predicate = true> <Delay = 0.00>
ST_1 : Operation 21 [1/1] (0.00ns)   --->   "call void (...)* @_ssdm_op_SpecInterface([20 x i32]* %thresholds_V, [5 x i8]* @p_str, i32 0, i32 0, [1 x i8]* @p_str1, i32 0, i32 0, [1 x i8]* @p_str1, [1 x i8]* @p_str1, [1 x i8]* @p_str1, i32 0, i32 0, i32 0, i32 0, [1 x i8]* @p_str1, [1 x i8]* @p_str1) nounwind" [core.cpp:11]   --->   Operation 21 'specinterface' <Predicate = true> <Delay = 0.00>
ST_1 : Operation 22 [1/1] (0.00ns)   --->   "call void (...)* @_ssdm_op_SpecInterface([20 x i32]* %outData_V, [5 x i8]* @p_str, i32 0, i32 0, [1 x i8]* @p_str1, i32 0, i32 0, [1 x i8]* @p_str1, [1 x i8]* @p_str1, [1 x i8]* @p_str1, i32 0, i32 0, i32 0, i32 0, [1 x i8]* @p_str1, [1 x i8]* @p_str1) nounwind" [core.cpp:12]   --->   Operation 22 'specinterface' <Predicate = true> <Delay = 0.00>
ST_1 : Operation 23 [1/1] (0.00ns)   --->   "call void (...)* @_ssdm_op_SpecInterface(i32* %inStream_V_data_V, i4* %inStream_V_keep_V, i4* %inStream_V_strb_V, i1* %inStream_V_user_V, i1* %inStream_V_last_V, i1* %inStream_V_id_V, i1* %inStream_V_dest_V, [5 x i8]* @p_str2, i32 1, i32 1, [5 x i8]* @p_str3, i32 0, i32 0, [1 x i8]* @p_str1, [1 x i8]* @p_str1, [1 x i8]* @p_str1, i32 0, i32 0, i32 0, i32 0, [1 x i8]* @p_str1, [1 x i8]* @p_str1) nounwind" [core.cpp:13]   --->   Operation 23 'specinterface' <Predicate = true> <Delay = 0.00>
ST_1 : Operation 24 [1/1] (0.00ns)   --->   "call void (...)* @_ssdm_op_SpecInterface(i32* %outStream_V_data_V, i4* %outStream_V_keep_V, i4* %outStream_V_strb_V, i1* %outStream_V_user_V, i1* %outStream_V_last_V, i1* %outStream_V_id_V, i1* %outStream_V_dest_V, [5 x i8]* @p_str2, i32 1, i32 1, [5 x i8]* @p_str3, i32 0, i32 0, [1 x i8]* @p_str1, [1 x i8]* @p_str1, [1 x i8]* @p_str1, i32 0, i32 0, i32 0, i32 0, [1 x i8]* @p_str1, [1 x i8]* @p_str1) nounwind" [core.cpp:14]   --->   Operation 24 'specinterface' <Predicate = true> <Delay = 0.00>
ST_1 : Operation 25 [1/1] (0.75ns)   --->   "br label %1" [core.cpp:16]   --->   Operation 25 'br' <Predicate = true> <Delay = 0.75>

State 2 <SV = 1> <Delay = 0.87>
ST_2 : Operation 26 [1/1] (0.00ns)   --->   "%i_0 = phi i5 [ 0, %0 ], [ %i, %_ZN8ap_fixedILi32ELi16EL9ap_q_mode0EL9ap_o_mode3ELi0EEC1Eb.exit ]"   --->   Operation 26 'phi' 'i_0' <Predicate = true> <Delay = 0.00>
ST_2 : Operation 27 [1/1] (0.87ns)   --->   "%icmp_ln16 = icmp eq i5 %i_0, -12" [core.cpp:16]   --->   Operation 27 'icmp' 'icmp_ln16' <Predicate = true> <Delay = 0.87> <Core = "Cmp">   --->   Core 25 'Cmp' <Latency = 0> <II = 1> <Delay = 1.11> <FuncUnit> <Opcode : 'icmp'> <InPorts = 2> <OutPorts = 1>
ST_2 : Operation 28 [1/1] (0.00ns)   --->   "%empty = call i32 (...)* @_ssdm_op_SpecLoopTripCount(i64 20, i64 20, i64 20)"   --->   Operation 28 'speclooptripcount' 'empty' <Predicate = true> <Delay = 0.00>
ST_2 : Operation 29 [1/1] (0.87ns)   --->   "%i = add i5 %i_0, 1" [core.cpp:16]   --->   Operation 29 'add' 'i' <Predicate = true> <Delay = 0.87> <Core = "AddSub">   --->   Core 14 'AddSub' <Latency = 0> <II = 1> <Delay = 0.87> <FuncUnit> <Opcode : 'add' 'sub'> <InPorts = 2> <OutPorts = 1>
ST_2 : Operation 30 [1/1] (0.00ns)   --->   "br i1 %icmp_ln16, label %2, label %_ZN8ap_fixedILi32ELi16EL9ap_q_mode0EL9ap_o_mode3ELi0EEC1Eb.exit" [core.cpp:16]   --->   Operation 30 'br' <Predicate = true> <Delay = 0.00>
ST_2 : Operation 31 [1/1] (0.00ns)   --->   "%empty_2 = call { i32, i4, i4, i1, i1, i1, i1 } @_ssdm_op_Read.axis.volatile.i32P.i4P.i4P.i1P.i1P.i1P.i1P(i32* %inStream_V_data_V, i4* %inStream_V_keep_V, i4* %inStream_V_strb_V, i1* %inStream_V_user_V, i1* %inStream_V_last_V, i1* %inStream_V_id_V, i1* %inStream_V_dest_V)" [core.cpp:18]   --->   Operation 31 'read' 'empty_2' <Predicate = (!icmp_ln16)> <Delay = 0.00> <Core = "AXI4Stream">   --->   Core 5 'AXI4Stream' <Latency = 0> <II = 1> <Delay = 1.00> <Adapter> <Opcode : >
ST_2 : Operation 32 [1/1] (0.00ns)   --->   "%tmp_data_V = extractvalue { i32, i4, i4, i1, i1, i1, i1 } %empty_2, 0" [core.cpp:18]   --->   Operation 32 'extractvalue' 'tmp_data_V' <Predicate = (!icmp_ln16)> <Delay = 0.00>
ST_2 : Operation 33 [1/1] (0.00ns)   --->   "%tmp_keep_V = extractvalue { i32, i4, i4, i1, i1, i1, i1 } %empty_2, 1" [core.cpp:18]   --->   Operation 33 'extractvalue' 'tmp_keep_V' <Predicate = (!icmp_ln16)> <Delay = 0.00>
ST_2 : Operation 34 [1/1] (0.00ns)   --->   "%tmp_strb_V = extractvalue { i32, i4, i4, i1, i1, i1, i1 } %empty_2, 2" [core.cpp:18]   --->   Operation 34 'extractvalue' 'tmp_strb_V' <Predicate = (!icmp_ln16)> <Delay = 0.00>
ST_2 : Operation 35 [1/1] (0.00ns)   --->   "%tmp_user_V = extractvalue { i32, i4, i4, i1, i1, i1, i1 } %empty_2, 3" [core.cpp:18]   --->   Operation 35 'extractvalue' 'tmp_user_V' <Predicate = (!icmp_ln16)> <Delay = 0.00>
ST_2 : Operation 36 [1/1] (0.00ns)   --->   "%tmp_last_V = extractvalue { i32, i4, i4, i1, i1, i1, i1 } %empty_2, 4" [core.cpp:18]   --->   Operation 36 'extractvalue' 'tmp_last_V' <Predicate = (!icmp_ln16)> <Delay = 0.00>
ST_2 : Operation 37 [1/1] (0.00ns)   --->   "%tmp_id_V = extractvalue { i32, i4, i4, i1, i1, i1, i1 } %empty_2, 5" [core.cpp:18]   --->   Operation 37 'extractvalue' 'tmp_id_V' <Predicate = (!icmp_ln16)> <Delay = 0.00>
ST_2 : Operation 38 [1/1] (0.00ns)   --->   "%tmp_dest_V = extractvalue { i32, i4, i4, i1, i1, i1, i1 } %empty_2, 6" [core.cpp:18]   --->   Operation 38 'extractvalue' 'tmp_dest_V' <Predicate = (!icmp_ln16)> <Delay = 0.00>
ST_2 : Operation 39 [1/1] (0.00ns)   --->   "%zext_ln26 = zext i5 %i_0 to i64" [core.cpp:26]   --->   Operation 39 'zext' 'zext_ln26' <Predicate = (!icmp_ln16)> <Delay = 0.00>
ST_2 : Operation 40 [1/1] (0.00ns)   --->   "%thresholds_V_addr = getelementptr [20 x i32]* %thresholds_V, i64 0, i64 %zext_ln26" [core.cpp:26]   --->   Operation 40 'getelementptr' 'thresholds_V_addr' <Predicate = (!icmp_ln16)> <Delay = 0.00>
ST_2 : Operation 41 [2/2] (0.79ns)   --->   "%thresholds_V_load = load i32* %thresholds_V_addr, align 4" [core.cpp:26]   --->   Operation 41 'load' 'thresholds_V_load' <Predicate = (!icmp_ln16)> <Delay = 0.79> <Core = "RAM">   --->   Core 37 'RAM' <Latency = 1> <II = 1> <Delay = 0.79> <Storage> <Opcode : 'load' 'store'> <Ports = 2> <Width = 32> <Depth = 20> <RAM>
ST_2 : Operation 42 [2/2] (0.00ns)   --->   "call void @_ssdm_op_Write.axis.volatile.i32P.i4P.i4P.i1P.i1P.i1P.i1P(i32* %outStream_V_data_V, i4* %outStream_V_keep_V, i4* %outStream_V_strb_V, i1* %outStream_V_user_V, i1* %outStream_V_last_V, i1* %outStream_V_id_V, i1* %outStream_V_dest_V, i32 %tmp_data_V, i4 %tmp_keep_V, i4 %tmp_strb_V, i1 %tmp_user_V, i1 %tmp_last_V, i1 %tmp_id_V, i1 %tmp_dest_V)" [core.cpp:37]   --->   Operation 42 'write' <Predicate = (!icmp_ln16)> <Delay = 0.00> <Core = "AXI4Stream">   --->   Core 5 'AXI4Stream' <Latency = 0> <II = 1> <Delay = 1.00> <Adapter> <Opcode : >
ST_2 : Operation 43 [1/1] (0.00ns)   --->   "ret void" [core.cpp:39]   --->   Operation 43 'ret' <Predicate = (icmp_ln16)> <Delay = 0.00>

State 3 <SV = 2> <Delay = 2.69>
ST_3 : Operation 44 [1/2] (0.79ns)   --->   "%thresholds_V_load = load i32* %thresholds_V_addr, align 4" [core.cpp:26]   --->   Operation 44 'load' 'thresholds_V_load' <Predicate = true> <Delay = 0.79> <Core = "RAM">   --->   Core 37 'RAM' <Latency = 1> <II = 1> <Delay = 0.79> <Storage> <Opcode : 'load' 'store'> <Ports = 2> <Width = 32> <Depth = 20> <RAM>
ST_3 : Operation 45 [1/1] (1.11ns)   --->   "%signbit = icmp slt i32 %tmp_data_V, %thresholds_V_load" [core.cpp:26]   --->   Operation 45 'icmp' 'signbit' <Predicate = true> <Delay = 1.11> <Core = "Cmp">   --->   Core 25 'Cmp' <Latency = 0> <II = 1> <Delay = 1.11> <FuncUnit> <Opcode : 'icmp'> <InPorts = 2> <OutPorts = 1>
ST_3 : Operation 46 [1/1] (0.00ns)   --->   "%shl_ln = call i17 @_ssdm_op_BitConcatenate.i17.i1.i16(i1 %signbit, i16 0)" [core.cpp:26]   --->   Operation 46 'bitconcatenate' 'shl_ln' <Predicate = true> <Delay = 0.00>
ST_3 : Operation 47 [1/1] (0.00ns)   --->   "%zext_ln728 = zext i17 %shl_ln to i32" [core.cpp:26]   --->   Operation 47 'zext' 'zext_ln728' <Predicate = true> <Delay = 0.00>
ST_3 : Operation 48 [1/1] (0.00ns)   --->   "%outData_V_addr = getelementptr [20 x i32]* %outData_V, i64 0, i64 %zext_ln26" [core.cpp:26]   --->   Operation 48 'getelementptr' 'outData_V_addr' <Predicate = true> <Delay = 0.00>
ST_3 : Operation 49 [1/1] (0.79ns)   --->   "store i32 %zext_ln728, i32* %outData_V_addr, align 4" [core.cpp:26]   --->   Operation 49 'store' <Predicate = true> <Delay = 0.79> <Core = "RAM">   --->   Core 37 'RAM' <Latency = 1> <II = 1> <Delay = 0.79> <Storage> <Opcode : 'load' 'store'> <Ports = 2> <Width = 32> <Depth = 20> <RAM>
ST_3 : Operation 50 [1/2] (0.00ns)   --->   "call void @_ssdm_op_Write.axis.volatile.i32P.i4P.i4P.i1P.i1P.i1P.i1P(i32* %outStream_V_data_V, i4* %outStream_V_keep_V, i4* %outStream_V_strb_V, i1* %outStream_V_user_V, i1* %outStream_V_last_V, i1* %outStream_V_id_V, i1* %outStream_V_dest_V, i32 %tmp_data_V, i4 %tmp_keep_V, i4 %tmp_strb_V, i1 %tmp_user_V, i1 %tmp_last_V, i1 %tmp_id_V, i1 %tmp_dest_V)" [core.cpp:37]   --->   Operation 50 'write' <Predicate = true> <Delay = 0.00> <Core = "AXI4Stream">   --->   Core 5 'AXI4Stream' <Latency = 0> <II = 1> <Delay = 1.00> <Adapter> <Opcode : >
ST_3 : Operation 51 [1/1] (0.00ns)   --->   "br label %1" [core.cpp:16]   --->   Operation 51 'br' <Predicate = true> <Delay = 0.00>


============================================================
+ Verbose Summary: Timing violations
============================================================
Target clock period: 10ns, clock uncertainty: 1.25ns.

 <State 1>: 0.755ns
The critical path consists of the following:
	multiplexor before 'phi' operation ('i') with incoming values : ('i', core.cpp:16) [40]  (0.755 ns)

 <State 2>: 0.878ns
The critical path consists of the following:
	'phi' operation ('i') with incoming values : ('i', core.cpp:16) [40]  (0 ns)
	'add' operation ('i', core.cpp:16) [43]  (0.878 ns)

 <State 3>: 2.69ns
The critical path consists of the following:
	'load' operation ('thresholds_V_load', core.cpp:26) on array 'thresholds_V' [56]  (0.79 ns)
	'icmp' operation ('v', core.cpp:26) [57]  (1.11 ns)
	'store' operation ('store_ln26', core.cpp:26) of variable 'zext_ln728', core.cpp:26 on array 'outData_V' [61]  (0.79 ns)


============================================================
+ Verbose Summary: Binding
============================================================
N/A
* FSMD analyzer results:
  - Output states:
 - Input state : 
  - Chain level:
	State 1
	State 2
	State 3


============================================================
+ Verbose Summary: Datapath Resource usage 
============================================================
N/A
