#-----------------------------------------------------------
# xsim v2019.2 (64-bit)
# SW Build 2708876 on Wed Nov  6 21:39:14 MST 2019
# IP Build 2700528 on Thu Nov  7 00:09:20 MST 2019
# Start of session at: Wed Mar 31 15:00:00 2021
# Process ID: 5600
# Current directory: /home/jaswanth/workspace/hls_ip/parallel_processing_2/parallel_processing_2/solution1/sim/verilog
# Command line: xsim -mode tcl -source {xsim.dir/pp_2/xsim_script.tcl}
# Log file: /home/jaswanth/workspace/hls_ip/parallel_processing_2/parallel_processing_2/solution1/sim/verilog/xsim.log
# Journal file: /home/jaswanth/workspace/hls_ip/parallel_processing_2/parallel_processing_2/solution1/sim/verilog/xsim.jou
#-----------------------------------------------------------
source xsim.dir/pp_2/xsim_script.tcl
# xsim {pp_2} -autoloadwcfg -tclbatch {pp_2.tcl}
Vivado Simulator 2019.2
Time resolution is 1 ps
source pp_2.tcl
## run all
////////////////////////////////////////////////////////////////////////////////////
// Inter-Transaction Progress: Completed Transaction / Total Transaction
// Intra-Transaction Progress: Measured Latency / Latency Estimation * 100%
//
// RTL Simulation : "Inter-Transaction Progress" ["Intra-Transaction Progress"] @ "Simulation Time"
////////////////////////////////////////////////////////////////////////////////////
// RTL Simulation : 0 / 1 [0.00%] @ "125000"
// RTL Simulation : 1 / 1 [100.00%] @ "375000"
////////////////////////////////////////////////////////////////////////////////////
$finish called at time : 415 ns : File "/home/jaswanth/workspace/hls_ip/parallel_processing_2/parallel_processing_2/solution1/sim/verilog/pp_2.autotb.v" Line 357
## quit
INFO: [Common 17-206] Exiting xsim at Wed Mar 31 15:00:11 2021...
