INFO: [SIM 2] *************** CSIM start ***************
INFO: [SIM 4] CSIM will launch GCC as the compiler.
   Compiling ../../../../tb_pp_core_2.cpp in debug mode
   Compiling ../../../../pp_core_2.cpp in debug mode
   Generating csim.exe
Value is 0
Value is 5
Value is 10
Value is 15
Value is 20
Value is 25
Value is 30
Value is 35
Value is 40
Value is 45
Value is 50
Value is 55
Value is 60
Value is 65
Value is 70
Value is 75
Value is 80
Value is 85
Value is 90
Value is 95
INFO: [SIM 1] CSim done with 0 errors.
INFO: [SIM 3] *************** CSIM finish ***************
