value  is 255
value  is 254
value  is 253
value  is 252
value  is 251
value  is 250
value  is 249
value  is 248
value  is 247
value  is 246
value  is 245
value  is 244
value  is 243
value  is 242
value  is 241
value  is 240
value  is 239
value  is 238
value  is 237
value  is 236
value  is 235
value  is 234
value  is 233
value  is 232
value  is 231
value  is 230
value  is 229
value  is 228
value  is 227
value  is 226
value  is 225
value  is 224
value  is 223
value  is 222
value  is 221
value  is 220
value  is 219
value  is 218
value  is 217
value  is 216
value  is 215
value  is 214
value  is 213
value  is 212
value  is 211
value  is 210
value  is 209
value  is 208
value  is 207
value  is 206
value  is 205
value  is 204
value  is 203
value  is 202
value  is 201
value  is 200
value  is 199
value  is 198
value  is 197
value  is 196
value  is 195
value  is 194
value  is 193
value  is 192
value  is 191
value  is 190
value  is 189
value  is 188
value  is 187
value  is 186
value  is 185
value  is 184
value  is 183
value  is 182
value  is 181
value  is 180
value  is 179
value  is 178
value  is 177
value  is 176
value  is 175
value  is 174
value  is 173
value  is 172
value  is 171
value  is 170
value  is 169
value  is 168
value  is 167
value  is 166
value  is 165
value  is 164
value  is 163
value  is 162
value  is 161
value  is 160
value  is 159
value  is 158
value  is 157
value  is 156
value  is 155
value  is 154
value  is 153
value  is 152
value  is 151
value  is 150
value  is 149
value  is 148
value  is 147
value  is 146
value  is 145
value  is 144
value  is 143
value  is 142
value  is 141
value  is 140
value  is 139
value  is 138
value  is 137
value  is 136
value  is 135
value  is 134
value  is 133
value  is 132
value  is 131
value  is 130
value  is 129
value  is 128
value  is 127
value  is 126
value  is 125
value  is 124
value  is 123
value  is 122
value  is 121
value  is 120
value  is 119
value  is 118
value  is 117
value  is 116
value  is 115
value  is 114
value  is 113
value  is 112
value  is 111
value  is 110
value  is 109
value  is 108
value  is 107
value  is 106
value  is 105
value  is 104
value  is 103
value  is 102
value  is 101
value  is 100
value  is 99
value  is 98
value  is 97
value  is 96
value  is 95
value  is 94
value  is 93
value  is 92
value  is 91
value  is 90
value  is 89
value  is 88
value  is 87
value  is 86
value  is 85
value  is 84
value  is 83
value  is 82
value  is 81
value  is 80
value  is 79
value  is 78
value  is 77
value  is 76
value  is 75
value  is 74
value  is 73
value  is 72
value  is 71
value  is 70
value  is 69
value  is 68
value  is 67
value  is 66
value  is 65
value  is 64
value  is 63
value  is 62
value  is 61
value  is 60
value  is 59
value  is 58
value  is 57
value  is 56
value  is 55
value  is 54
value  is 53
value  is 52
value  is 51
value  is 50
value  is 49
value  is 48
value  is 47
value  is 46
value  is 45
value  is 44
value  is 43
value  is 42
value  is 41
value  is 40
value  is 39
value  is 38
value  is 37
value  is 36
value  is 35
value  is 34
value  is 33
value  is 32
value  is 31
value  is 30
value  is 29
value  is 28
value  is 27
value  is 26
value  is 25
value  is 24
value  is 23
value  is 22
value  is 21
value  is 20
value  is 19
value  is 18
value  is 17
value  is 16
value  is 15
value  is 14
value  is 13
value  is 12
value  is 11
value  is 10
value  is 9
value  is 8
value  is 7
value  is 6
value  is 5
value  is 4
value  is 3
value  is 2
value  is 1
value  is 0
value  is 255
value  is 254
value  is 253
value  is 252
value  is 251
value  is 250
value  is 249
value  is 248
value  is 247
value  is 246
value  is 245
value  is 244
value  is 243
value  is 242
value  is 241
value  is 240
value  is 239
value  is 238
value  is 237
value  is 236
value  is 235
value  is 234
value  is 233
value  is 232
value  is 231
value  is 230
value  is 229
value  is 228
value  is 227
value  is 226
value  is 225
value  is 224
value  is 223
value  is 222
value  is 221
value  is 220
value  is 219
value  is 218
value  is 217
value  is 216
value  is 215
value  is 214
value  is 213
value  is 212
value  is 211
value  is 210
value  is 209
value  is 208
value  is 207
value  is 206
value  is 205
value  is 204
value  is 203
value  is 202
value  is 201
value  is 200
value  is 199
value  is 198
value  is 197
value  is 196
value  is 195
value  is 194
value  is 193
value  is 192
value  is 191
value  is 190
value  is 189
value  is 188
value  is 187
value  is 186
value  is 185
value  is 184
value  is 183
value  is 182
value  is 181
value  is 180
value  is 179
value  is 178
value  is 177
value  is 176
value  is 175
value  is 174
value  is 173
value  is 172
value  is 171
value  is 170
value  is 169
value  is 168
value  is 167
value  is 166
value  is 165
value  is 164
value  is 163
value  is 162
value  is 161
value  is 160
value  is 159
value  is 158
value  is 157
value  is 156
value  is 155
value  is 154
value  is 153
value  is 152
value  is 151
value  is 150
value  is 149
value  is 148
value  is 147
value  is 146
value  is 145
value  is 144
value  is 143
value  is 142
value  is 141
value  is 140
value  is 139
value  is 138
value  is 137
value  is 136
value  is 135
value  is 134
value  is 133
value  is 132
value  is 131
value  is 130
value  is 129
value  is 128
value  is 127
value  is 126
value  is 125
value  is 124
value  is 123
value  is 122
value  is 121
value  is 120
value  is 119
value  is 118
value  is 117
value  is 116
value  is 115
value  is 114
value  is 113
value  is 112
value  is 111
value  is 110
value  is 109
value  is 108
value  is 107
value  is 106
value  is 105
value  is 104
value  is 103
value  is 102
value  is 101
value  is 100
value  is 99
value  is 98
value  is 97
value  is 96
value  is 95
value  is 94
value  is 93
value  is 92
value  is 91
value  is 90
value  is 89
value  is 88
value  is 87
value  is 86
value  is 85
value  is 84
value  is 83
value  is 82
value  is 81
value  is 80
value  is 79
value  is 78
value  is 77
value  is 76
value  is 75
value  is 74
value  is 73
value  is 72
value  is 71
value  is 70
value  is 69
value  is 68
value  is 67
value  is 66
value  is 65
value  is 64
value  is 63
value  is 62
value  is 61
value  is 60
value  is 59
value  is 58
value  is 57
value  is 56
value  is 55
value  is 54
value  is 53
value  is 52
value  is 51
value  is 50
value  is 49
value  is 48
value  is 47
value  is 46
value  is 45
value  is 44
value  is 43
value  is 42
value  is 41
value  is 40
value  is 39
value  is 38
value  is 37
value  is 36
value  is 35
value  is 34
value  is 33
value  is 32
value  is 31
value  is 30
value  is 29
value  is 28
value  is 27
value  is 26
value  is 25
value  is 24
value  is 23
value  is 22
value  is 21
value  is 20
value  is 19
value  is 18
value  is 17
value  is 16
value  is 15
value  is 14
value  is 13
value  is 12
value  is 11
value  is 10
value  is 9
value  is 8
value  is 7
value  is 6
value  is 5
value  is 4
value  is 3
value  is 2
value  is 1
value  is 0
value  is 255
value  is 254
value  is 253
value  is 252
value  is 251
value  is 250
value  is 249
value  is 248
value  is 247
value  is 246
value  is 245
value  is 244
value  is 243
value  is 242
value  is 241
value  is 240
value  is 239
value  is 238
value  is 237
value  is 236
value  is 235
value  is 234
value  is 233
value  is 232
value  is 231
value  is 230
value  is 229
value  is 228
value  is 227
value  is 226
value  is 225
value  is 224
value  is 223
value  is 222
value  is 221
value  is 220
value  is 219
value  is 218
value  is 217
value  is 216
value  is 215
value  is 214
value  is 213
value  is 212
value  is 211
value  is 210
value  is 209
value  is 208
value  is 207
value  is 206
value  is 205
value  is 204
value  is 203
value  is 202
value  is 201
value  is 200
value  is 199
value  is 198
value  is 197
value  is 196
value  is 195
value  is 194
value  is 193
value  is 192
value  is 191
value  is 190
value  is 189
value  is 188
value  is 187
value  is 186
value  is 185
value  is 184
value  is 183
value  is 182
value  is 181
value  is 180
value  is 179
value  is 178
value  is 177
value  is 176
value  is 175
value  is 174
value  is 173
value  is 172
value  is 171
value  is 170
value  is 169
value  is 168
value  is 167
value  is 166
value  is 165
value  is 164
value  is 163
value  is 162
value  is 161
value  is 160
value  is 159
value  is 158
value  is 157
value  is 156
value  is 155
value  is 154
value  is 153
value  is 152
value  is 151
value  is 150
value  is 149
value  is 148
value  is 147
value  is 146
value  is 145
value  is 144
value  is 143
value  is 142
value  is 141
value  is 140
value  is 139
value  is 138
value  is 137
value  is 136
value  is 135
value  is 134
value  is 133
value  is 132
value  is 131
value  is 130
value  is 129
value  is 128
value  is 127
value  is 126
value  is 125
value  is 124
value  is 123
value  is 122
value  is 121
value  is 120
value  is 119
value  is 118
value  is 117
value  is 116
value  is 115
value  is 114
value  is 113
value  is 112
value  is 111
value  is 110
value  is 109
value  is 108
value  is 107
value  is 106
value  is 105
value  is 104
value  is 103
value  is 102
value  is 101
value  is 100
value  is 99
value  is 98
value  is 97
value  is 96
value  is 95
value  is 94
value  is 93
value  is 92
value  is 91
value  is 90
value  is 89
value  is 88
value  is 87
value  is 86
value  is 85
value  is 84
value  is 83
value  is 82
value  is 81
value  is 80
value  is 79
value  is 78
value  is 77
value  is 76
value  is 75
value  is 74
value  is 73
value  is 72
value  is 71
value  is 70
value  is 69
value  is 68
value  is 67
value  is 66
value  is 65
value  is 64
value  is 63
value  is 62
value  is 61
value  is 60
value  is 59
value  is 58
value  is 57
value  is 56
value  is 55
value  is 54
value  is 53
value  is 52
value  is 51
value  is 50
value  is 49
value  is 48
value  is 47
value  is 46
value  is 45
value  is 44
value  is 43
value  is 42
value  is 41
value  is 40
value  is 39
value  is 38
value  is 37
value  is 36
value  is 35
value  is 34
value  is 33
value  is 32
value  is 31
value  is 30
value  is 29
value  is 28
value  is 27
value  is 26
value  is 25
value  is 24
value  is 23
value  is 22
value  is 21
value  is 20
value  is 19
value  is 18
value  is 17
value  is 16
value  is 15
value  is 14
value  is 13
value  is 12
value  is 11
value  is 10
value  is 9
value  is 8
value  is 7
value  is 6
value  is 5
value  is 4
value  is 3
value  is 2
value  is 1
value  is 0
value  is 255
value  is 254
value  is 253
value  is 252
value  is 251
value  is 250
value  is 249
value  is 248
value  is 247
value  is 246
value  is 245
value  is 244
value  is 243
value  is 242
value  is 241
value  is 240
value  is 239
value  is 238
value  is 237
value  is 236
value  is 235
value  is 234
value  is 233
value  is 232
value  is 231
value  is 230
value  is 229
value  is 228
value  is 227
value  is 226
value  is 225
value  is 224
value  is 223
value  is 222
value  is 221
value  is 220
value  is 219
value  is 218
value  is 217
value  is 216
value  is 215
value  is 214
value  is 213
value  is 212
value  is 211
value  is 210
value  is 209
value  is 208
value  is 207
value  is 206
value  is 205
value  is 204
value  is 203
value  is 202
value  is 201
value  is 200
value  is 199
value  is 198
value  is 197
value  is 196
value  is 195
value  is 194
value  is 193
value  is 192
value  is 191
value  is 190
value  is 189
value  is 188
value  is 187
value  is 186
value  is 185
value  is 184
value  is 183
value  is 182
value  is 181
value  is 180
value  is 179
value  is 178
value  is 177
value  is 176
value  is 175
value  is 174
value  is 173
value  is 172
value  is 171
value  is 170
value  is 169
value  is 168
value  is 167
value  is 166
value  is 165
value  is 164
value  is 163
value  is 162
value  is 161
value  is 160
value  is 159
value  is 158
value  is 157
value  is 156
value  is 155
value  is 154
value  is 153
value  is 152
value  is 151
value  is 150
value  is 149
value  is 148
value  is 147
value  is 146
value  is 145
value  is 144
value  is 143
value  is 142
value  is 141
value  is 140
value  is 139
value  is 138
value  is 137
value  is 136
value  is 135
value  is 134
value  is 133
value  is 132
value  is 131
value  is 130
value  is 129
value  is 128
value  is 127
value  is 126
value  is 125
value  is 124
value  is 123
value  is 122
value  is 121
value  is 120
value  is 119
value  is 118
value  is 117
value  is 116
value  is 115
value  is 114
value  is 113
value  is 112
value  is 111
value  is 110
value  is 109
value  is 108
value  is 107
value  is 106
value  is 105
value  is 104
value  is 103
value  is 102
value  is 101
value  is 100
value  is 99
value  is 98
value  is 97
value  is 96
value  is 95
value  is 94
value  is 93
value  is 92
value  is 91
value  is 90
value  is 89
value  is 88
value  is 87
value  is 86
value  is 85
value  is 84
value  is 83
value  is 82
value  is 81
value  is 80
value  is 79
value  is 78
value  is 77
value  is 76
value  is 75
value  is 74
value  is 73
value  is 72
value  is 71
value  is 70
value  is 69
value  is 68
value  is 67
value  is 66
value  is 65
value  is 64
value  is 63
value  is 62
value  is 61
value  is 60
value  is 59
value  is 58
value  is 57
value  is 56
value  is 55
value  is 54
value  is 53
value  is 52
value  is 51
value  is 50
value  is 49
value  is 48
value  is 47
value  is 46
value  is 45
value  is 44
value  is 43
value  is 42
value  is 41
value  is 40
value  is 39
value  is 38
value  is 37
value  is 36
value  is 35
value  is 34
value  is 33
value  is 32
value  is 31
value  is 30
value  is 29
value  is 28
value  is 27
value  is 26
value  is 25
value  is 24
INFO: [XSIM 43-3496] Using init file passed via -initfile option "/home/jaswanth/toolsEDA/Xilinx/Vivado/2019.2/data/xsim/ip/xsim_ip.ini".
Vivado Simulator 2019.2
Copyright 1986-1999, 2001-2019 Xilinx, Inc. All Rights Reserved.
Running: /home/jaswanth/toolsEDA/Xilinx/Vivado/2019.2/bin/unwrapped/lnx64.o/xelab xil_defaultlib.apatb_image_inverter1_top glbl -prj image_inverter1.prj -L smartconnect_v1_0 -L axi_protocol_checker_v1_1_12 -L axi_protocol_checker_v1_1_13 -L axis_protocol_checker_v1_1_11 -L axis_protocol_checker_v1_1_12 -L xil_defaultlib -L unisims_ver -L xpm --initfile /home/jaswanth/toolsEDA/Xilinx/Vivado/2019.2/data/xsim/ip/xsim_ip.ini --lib ieee_proposed=./ieee_proposed -s image_inverter1 
Multi-threading is on. Using 2 slave threads.
WARNING: [XSIM 43-3431] One or more environment variables have been detected which affect the operation of the C compiler. These are typically not set in standard installations and are not tested by Xilinx, however they may be appropriate for your system, so the flow will attempt to continue.  If errors occur, try running xelab with the "-mt off -v 1" switches to see more information from the C compiler. The following environment variables have been detected:
    LIBRARY_PATH
INFO: [VRFC 10-2263] Analyzing SystemVerilog file "/home/jaswanth/WORK/DAC_SDC/image_inverter/solution1/sim/verilog/glbl.v" into library work
INFO: [VRFC 10-311] analyzing module glbl
INFO: [VRFC 10-2263] Analyzing SystemVerilog file "/home/jaswanth/WORK/DAC_SDC/image_inverter/solution1/sim/verilog/image_inverter1.autotb.v" into library xil_defaultlib
INFO: [VRFC 10-311] analyzing module apatb_image_inverter1_top
INFO: [VRFC 10-2263] Analyzing SystemVerilog file "/home/jaswanth/WORK/DAC_SDC/image_inverter/solution1/sim/verilog/AESL_axi_s_inStream.v" into library xil_defaultlib
INFO: [VRFC 10-311] analyzing module AESL_axi_s_inStream
INFO: [VRFC 10-2263] Analyzing SystemVerilog file "/home/jaswanth/WORK/DAC_SDC/image_inverter/solution1/sim/verilog/AESL_axi_s_outStream.v" into library xil_defaultlib
INFO: [VRFC 10-311] analyzing module AESL_axi_s_outStream
INFO: [VRFC 10-2263] Analyzing SystemVerilog file "/home/jaswanth/WORK/DAC_SDC/image_inverter/solution1/sim/verilog/image_inverter1.v" into library xil_defaultlib
INFO: [VRFC 10-311] analyzing module image_inverter1
INFO: [VRFC 10-2263] Analyzing SystemVerilog file "/home/jaswanth/WORK/DAC_SDC/image_inverter/solution1/sim/verilog/regslice_core.v" into library xil_defaultlib
INFO: [VRFC 10-311] analyzing module regslice_both
INFO: [VRFC 10-311] analyzing module regslice_forward
INFO: [VRFC 10-311] analyzing module regslice_reverse
INFO: [VRFC 10-311] analyzing module regslice_both_w1
INFO: [VRFC 10-311] analyzing module regslice_forward_w1
INFO: [VRFC 10-311] analyzing module regslice_reverse_w1
INFO: [VRFC 10-311] analyzing module ibuf
INFO: [VRFC 10-311] analyzing module obuf
INFO: [VRFC 10-2263] Analyzing SystemVerilog file "/home/jaswanth/WORK/DAC_SDC/image_inverter/solution1/sim/verilog/AESL_fifo.v" into library xil_defaultlib
INFO: [VRFC 10-311] analyzing module fifo
Starting static elaboration
Pass Through NonSizing Optimizer
Completed static elaboration
Starting simulation data flow analysis
Completed simulation data flow analysis
Time Resolution for simulation is 1ps
Compiling module xil_defaultlib.ibuf(W=9)
Compiling module xil_defaultlib.obuf(W=9)
Compiling module xil_defaultlib.regslice_both(DataWidth=8)
Compiling module xil_defaultlib.ibuf(W=2)
Compiling module xil_defaultlib.obuf(W=2)
Compiling module xil_defaultlib.regslice_both(DataWidth=1)
Compiling module xil_defaultlib.image_inverter1
Compiling module xil_defaultlib.fifo(DEPTH=1000)
Compiling module xil_defaultlib.fifo(DEPTH=1000,WIDTH=1)
Compiling module xil_defaultlib.AESL_axi_s_inStream
Compiling module xil_defaultlib.AESL_axi_s_outStream
Compiling module xil_defaultlib.apatb_image_inverter1_top
Compiling module work.glbl
Built simulation snapshot image_inverter1

****** Webtalk v2019.2 (64-bit)
  **** SW Build 2708876 on Wed Nov  6 21:39:14 MST 2019
  **** IP Build 2700528 on Thu Nov  7 00:09:20 MST 2019
    ** Copyright 1986-2019 Xilinx, Inc. All Rights Reserved.

source /home/jaswanth/WORK/DAC_SDC/image_inverter/solution1/sim/verilog/xsim.dir/image_inverter1/webtalk/xsim_webtalk.tcl -notrace
INFO: [Common 17-186] '/home/jaswanth/WORK/DAC_SDC/image_inverter/solution1/sim/verilog/xsim.dir/image_inverter1/webtalk/usage_statistics_ext_xsim.xml' has been successfully sent to Xilinx on Tue Mar  9 14:21:22 2021. For additional details about this file, please refer to the WebTalk help file at /home/jaswanth/toolsEDA/Xilinx/Vivado/2019.2/doc/webtalk_introduction.html.
INFO: [Common 17-206] Exiting Webtalk at Tue Mar  9 14:21:22 2021...

****** xsim v2019.2 (64-bit)
  **** SW Build 2708876 on Wed Nov  6 21:39:14 MST 2019
  **** IP Build 2700528 on Thu Nov  7 00:09:20 MST 2019
    ** Copyright 1986-2019 Xilinx, Inc. All Rights Reserved.

source xsim.dir/image_inverter1/xsim_script.tcl
# xsim {image_inverter1} -autoloadwcfg -tclbatch {image_inverter1.tcl}
Vivado Simulator 2019.2
Time resolution is 1 ps
source image_inverter1.tcl
## run all
////////////////////////////////////////////////////////////////////////////////////
// Inter-Transaction Progress: Completed Transaction / Total Transaction
// Intra-Transaction Progress: Measured Latency / Latency Estimation * 100%
//
// RTL Simulation : "Inter-Transaction Progress" ["Intra-Transaction Progress"] @ "Simulation Time"
////////////////////////////////////////////////////////////////////////////////////
// RTL Simulation : 0 / 1 [0.00%] @ "125000"
// RTL Simulation : 1 / 1 [100.00%] @ "10155000"
////////////////////////////////////////////////////////////////////////////////////
$finish called at time : 10195 ns : File "/home/jaswanth/WORK/DAC_SDC/image_inverter/solution1/sim/verilog/image_inverter1.autotb.v" Line 260
## quit
INFO: [Common 17-206] Exiting xsim at Tue Mar  9 14:21:34 2021...
value  is 255
value  is 254
value  is 253
value  is 252
value  is 251
value  is 250
value  is 249
value  is 248
value  is 247
value  is 246
value  is 245
value  is 244
value  is 243
value  is 242
value  is 241
value  is 240
value  is 239
value  is 238
value  is 237
value  is 236
value  is 235
value  is 234
value  is 233
value  is 232
value  is 231
value  is 230
value  is 229
value  is 228
value  is 227
value  is 226
value  is 225
value  is 224
value  is 223
value  is 222
value  is 221
value  is 220
value  is 219
value  is 218
value  is 217
value  is 216
value  is 215
value  is 214
value  is 213
value  is 212
value  is 211
value  is 210
value  is 209
value  is 208
value  is 207
value  is 206
value  is 205
value  is 204
value  is 203
value  is 202
value  is 201
value  is 200
value  is 199
value  is 198
value  is 197
value  is 196
value  is 195
value  is 194
value  is 193
value  is 192
value  is 191
value  is 190
value  is 189
value  is 188
value  is 187
value  is 186
value  is 185
value  is 184
value  is 183
value  is 182
value  is 181
value  is 180
value  is 179
value  is 178
value  is 177
value  is 176
value  is 175
value  is 174
value  is 173
value  is 172
value  is 171
value  is 170
value  is 169
value  is 168
value  is 167
value  is 166
value  is 165
value  is 164
value  is 163
value  is 162
value  is 161
value  is 160
value  is 159
value  is 158
value  is 157
value  is 156
value  is 155
value  is 154
value  is 153
value  is 152
value  is 151
value  is 150
value  is 149
value  is 148
value  is 147
value  is 146
value  is 145
value  is 144
value  is 143
value  is 142
value  is 141
value  is 140
value  is 139
value  is 138
value  is 137
value  is 136
value  is 135
value  is 134
value  is 133
value  is 132
value  is 131
value  is 130
value  is 129
value  is 128
value  is 127
value  is 126
value  is 125
value  is 124
value  is 123
value  is 122
value  is 121
value  is 120
value  is 119
value  is 118
value  is 117
value  is 116
value  is 115
value  is 114
value  is 113
value  is 112
value  is 111
value  is 110
value  is 109
value  is 108
value  is 107
value  is 106
value  is 105
value  is 104
value  is 103
value  is 102
value  is 101
value  is 100
value  is 99
value  is 98
value  is 97
value  is 96
value  is 95
value  is 94
value  is 93
value  is 92
value  is 91
value  is 90
value  is 89
value  is 88
value  is 87
value  is 86
value  is 85
value  is 84
value  is 83
value  is 82
value  is 81
value  is 80
value  is 79
value  is 78
value  is 77
value  is 76
value  is 75
value  is 74
value  is 73
value  is 72
value  is 71
value  is 70
value  is 69
value  is 68
value  is 67
value  is 66
value  is 65
value  is 64
value  is 63
value  is 62
value  is 61
value  is 60
value  is 59
value  is 58
value  is 57
value  is 56
value  is 55
value  is 54
value  is 53
value  is 52
value  is 51
value  is 50
value  is 49
value  is 48
value  is 47
value  is 46
value  is 45
value  is 44
value  is 43
value  is 42
value  is 41
value  is 40
value  is 39
value  is 38
value  is 37
value  is 36
value  is 35
value  is 34
value  is 33
value  is 32
value  is 31
value  is 30
value  is 29
value  is 28
value  is 27
value  is 26
value  is 25
value  is 24
value  is 23
value  is 22
value  is 21
value  is 20
value  is 19
value  is 18
value  is 17
value  is 16
value  is 15
value  is 14
value  is 13
value  is 12
value  is 11
value  is 10
value  is 9
value  is 8
value  is 7
value  is 6
value  is 5
value  is 4
value  is 3
value  is 2
value  is 1
value  is 0
value  is 255
value  is 254
value  is 253
value  is 252
value  is 251
value  is 250
value  is 249
value  is 248
value  is 247
value  is 246
value  is 245
value  is 244
value  is 243
value  is 242
value  is 241
value  is 240
value  is 239
value  is 238
value  is 237
value  is 236
value  is 235
value  is 234
value  is 233
value  is 232
value  is 231
value  is 230
value  is 229
value  is 228
value  is 227
value  is 226
value  is 225
value  is 224
value  is 223
value  is 222
value  is 221
value  is 220
value  is 219
value  is 218
value  is 217
value  is 216
value  is 215
value  is 214
value  is 213
value  is 212
value  is 211
value  is 210
value  is 209
value  is 208
value  is 207
value  is 206
value  is 205
value  is 204
value  is 203
value  is 202
value  is 201
value  is 200
value  is 199
value  is 198
value  is 197
value  is 196
value  is 195
value  is 194
value  is 193
value  is 192
value  is 191
value  is 190
value  is 189
value  is 188
value  is 187
value  is 186
value  is 185
value  is 184
value  is 183
value  is 182
value  is 181
value  is 180
value  is 179
value  is 178
value  is 177
value  is 176
value  is 175
value  is 174
value  is 173
value  is 172
value  is 171
value  is 170
value  is 169
value  is 168
value  is 167
value  is 166
value  is 165
value  is 164
value  is 163
value  is 162
value  is 161
value  is 160
value  is 159
value  is 158
value  is 157
value  is 156
value  is 155
value  is 154
value  is 153
value  is 152
value  is 151
value  is 150
value  is 149
value  is 148
value  is 147
value  is 146
value  is 145
value  is 144
value  is 143
value  is 142
value  is 141
value  is 140
value  is 139
value  is 138
value  is 137
value  is 136
value  is 135
value  is 134
value  is 133
value  is 132
value  is 131
value  is 130
value  is 129
value  is 128
value  is 127
value  is 126
value  is 125
value  is 124
value  is 123
value  is 122
value  is 121
value  is 120
value  is 119
value  is 118
value  is 117
value  is 116
value  is 115
value  is 114
value  is 113
value  is 112
value  is 111
value  is 110
value  is 109
value  is 108
value  is 107
value  is 106
value  is 105
value  is 104
value  is 103
value  is 102
value  is 101
value  is 100
value  is 99
value  is 98
value  is 97
value  is 96
value  is 95
value  is 94
value  is 93
value  is 92
value  is 91
value  is 90
value  is 89
value  is 88
value  is 87
value  is 86
value  is 85
value  is 84
value  is 83
value  is 82
value  is 81
value  is 80
value  is 79
value  is 78
value  is 77
value  is 76
value  is 75
value  is 74
value  is 73
value  is 72
value  is 71
value  is 70
value  is 69
value  is 68
value  is 67
value  is 66
value  is 65
value  is 64
value  is 63
value  is 62
value  is 61
value  is 60
value  is 59
value  is 58
value  is 57
value  is 56
value  is 55
value  is 54
value  is 53
value  is 52
value  is 51
value  is 50
value  is 49
value  is 48
value  is 47
value  is 46
value  is 45
value  is 44
value  is 43
value  is 42
value  is 41
value  is 40
value  is 39
value  is 38
value  is 37
value  is 36
value  is 35
value  is 34
value  is 33
value  is 32
value  is 31
value  is 30
value  is 29
value  is 28
value  is 27
value  is 26
value  is 25
value  is 24
value  is 23
value  is 22
value  is 21
value  is 20
value  is 19
value  is 18
value  is 17
value  is 16
value  is 15
value  is 14
value  is 13
value  is 12
value  is 11
value  is 10
value  is 9
value  is 8
value  is 7
value  is 6
value  is 5
value  is 4
value  is 3
value  is 2
value  is 1
value  is 0
value  is 255
value  is 254
value  is 253
value  is 252
value  is 251
value  is 250
value  is 249
value  is 248
value  is 247
value  is 246
value  is 245
value  is 244
value  is 243
value  is 242
value  is 241
value  is 240
value  is 239
value  is 238
value  is 237
value  is 236
value  is 235
value  is 234
value  is 233
value  is 232
value  is 231
value  is 230
value  is 229
value  is 228
value  is 227
value  is 226
value  is 225
value  is 224
value  is 223
value  is 222
value  is 221
value  is 220
value  is 219
value  is 218
value  is 217
value  is 216
value  is 215
value  is 214
value  is 213
value  is 212
value  is 211
value  is 210
value  is 209
value  is 208
value  is 207
value  is 206
value  is 205
value  is 204
value  is 203
value  is 202
value  is 201
value  is 200
value  is 199
value  is 198
value  is 197
value  is 196
value  is 195
value  is 194
value  is 193
value  is 192
value  is 191
value  is 190
value  is 189
value  is 188
value  is 187
value  is 186
value  is 185
value  is 184
value  is 183
value  is 182
value  is 181
value  is 180
value  is 179
value  is 178
value  is 177
value  is 176
value  is 175
value  is 174
value  is 173
value  is 172
value  is 171
value  is 170
value  is 169
value  is 168
value  is 167
value  is 166
value  is 165
value  is 164
value  is 163
value  is 162
value  is 161
value  is 160
value  is 159
value  is 158
value  is 157
value  is 156
value  is 155
value  is 154
value  is 153
value  is 152
value  is 151
value  is 150
value  is 149
value  is 148
value  is 147
value  is 146
value  is 145
value  is 144
value  is 143
value  is 142
value  is 141
value  is 140
value  is 139
value  is 138
value  is 137
value  is 136
value  is 135
value  is 134
value  is 133
value  is 132
value  is 131
value  is 130
value  is 129
value  is 128
value  is 127
value  is 126
value  is 125
value  is 124
value  is 123
value  is 122
value  is 121
value  is 120
value  is 119
value  is 118
value  is 117
value  is 116
value  is 115
value  is 114
value  is 113
value  is 112
value  is 111
value  is 110
value  is 109
value  is 108
value  is 107
value  is 106
value  is 105
value  is 104
value  is 103
value  is 102
value  is 101
value  is 100
value  is 99
value  is 98
value  is 97
value  is 96
value  is 95
value  is 94
value  is 93
value  is 92
value  is 91
value  is 90
value  is 89
value  is 88
value  is 87
value  is 86
value  is 85
value  is 84
value  is 83
value  is 82
value  is 81
value  is 80
value  is 79
value  is 78
value  is 77
value  is 76
value  is 75
value  is 74
value  is 73
value  is 72
value  is 71
value  is 70
value  is 69
value  is 68
value  is 67
value  is 66
value  is 65
value  is 64
value  is 63
value  is 62
value  is 61
value  is 60
value  is 59
value  is 58
value  is 57
value  is 56
value  is 55
value  is 54
value  is 53
value  is 52
value  is 51
value  is 50
value  is 49
value  is 48
value  is 47
value  is 46
value  is 45
value  is 44
value  is 43
value  is 42
value  is 41
value  is 40
value  is 39
value  is 38
value  is 37
value  is 36
value  is 35
value  is 34
value  is 33
value  is 32
value  is 31
value  is 30
value  is 29
value  is 28
value  is 27
value  is 26
value  is 25
value  is 24
value  is 23
value  is 22
value  is 21
value  is 20
value  is 19
value  is 18
value  is 17
value  is 16
value  is 15
value  is 14
value  is 13
value  is 12
value  is 11
value  is 10
value  is 9
value  is 8
value  is 7
value  is 6
value  is 5
value  is 4
value  is 3
value  is 2
value  is 1
value  is 0
value  is 255
value  is 254
value  is 253
value  is 252
value  is 251
value  is 250
value  is 249
value  is 248
value  is 247
value  is 246
value  is 245
value  is 244
value  is 243
value  is 242
value  is 241
value  is 240
value  is 239
value  is 238
value  is 237
value  is 236
value  is 235
value  is 234
value  is 233
value  is 232
value  is 231
value  is 230
value  is 229
value  is 228
value  is 227
value  is 226
value  is 225
value  is 224
value  is 223
value  is 222
value  is 221
value  is 220
value  is 219
value  is 218
value  is 217
value  is 216
value  is 215
value  is 214
value  is 213
value  is 212
value  is 211
value  is 210
value  is 209
value  is 208
value  is 207
value  is 206
value  is 205
value  is 204
value  is 203
value  is 202
value  is 201
value  is 200
value  is 199
value  is 198
value  is 197
value  is 196
value  is 195
value  is 194
value  is 193
value  is 192
value  is 191
value  is 190
value  is 189
value  is 188
value  is 187
value  is 186
value  is 185
value  is 184
value  is 183
value  is 182
value  is 181
value  is 180
value  is 179
value  is 178
value  is 177
value  is 176
value  is 175
value  is 174
value  is 173
value  is 172
value  is 171
value  is 170
value  is 169
value  is 168
value  is 167
value  is 166
value  is 165
value  is 164
value  is 163
value  is 162
value  is 161
value  is 160
value  is 159
value  is 158
value  is 157
value  is 156
value  is 155
value  is 154
value  is 153
value  is 152
value  is 151
value  is 150
value  is 149
value  is 148
value  is 147
value  is 146
value  is 145
value  is 144
value  is 143
value  is 142
value  is 141
value  is 140
value  is 139
value  is 138
value  is 137
value  is 136
value  is 135
value  is 134
value  is 133
value  is 132
value  is 131
value  is 130
value  is 129
value  is 128
value  is 127
value  is 126
value  is 125
value  is 124
value  is 123
value  is 122
value  is 121
value  is 120
value  is 119
value  is 118
value  is 117
value  is 116
value  is 115
value  is 114
value  is 113
value  is 112
value  is 111
value  is 110
value  is 109
value  is 108
value  is 107
value  is 106
value  is 105
value  is 104
value  is 103
value  is 102
value  is 101
value  is 100
value  is 99
value  is 98
value  is 97
value  is 96
value  is 95
value  is 94
value  is 93
value  is 92
value  is 91
value  is 90
value  is 89
value  is 88
value  is 87
value  is 86
value  is 85
value  is 84
value  is 83
value  is 82
value  is 81
value  is 80
value  is 79
value  is 78
value  is 77
value  is 76
value  is 75
value  is 74
value  is 73
value  is 72
value  is 71
value  is 70
value  is 69
value  is 68
value  is 67
value  is 66
value  is 65
value  is 64
value  is 63
value  is 62
value  is 61
value  is 60
value  is 59
value  is 58
value  is 57
value  is 56
value  is 55
value  is 54
value  is 53
value  is 52
value  is 51
value  is 50
value  is 49
value  is 48
value  is 47
value  is 46
value  is 45
value  is 44
value  is 43
value  is 42
value  is 41
value  is 40
value  is 39
value  is 38
value  is 37
value  is 36
value  is 35
value  is 34
value  is 33
value  is 32
value  is 31
value  is 30
value  is 29
value  is 28
value  is 27
value  is 26
value  is 25
value  is 24
