INFO: [XSIM 43-3496] Using init file passed via -initfile option "/home/jaswanth/toolsEDA/Xilinx/Vivado/2019.2/data/xsim/ip/xsim_ip.ini".
Vivado Simulator 2019.2
Copyright 1986-1999, 2001-2019 Xilinx, Inc. All Rights Reserved.
Running: /home/jaswanth/toolsEDA/Xilinx/Vivado/2019.2/bin/unwrapped/lnx64.o/xelab xil_defaultlib.apatb_openhab_controls_top glbl -prj openhab_controls.prj -L smartconnect_v1_0 -L axi_protocol_checker_v1_1_12 -L axi_protocol_checker_v1_1_13 -L axis_protocol_checker_v1_1_11 -L axis_protocol_checker_v1_1_12 -L xil_defaultlib -L unisims_ver -L xpm --initfile /home/jaswanth/toolsEDA/Xilinx/Vivado/2019.2/data/xsim/ip/xsim_ip.ini --lib ieee_proposed=./ieee_proposed -s openhab_controls 
Multi-threading is on. Using 2 slave threads.
WARNING: [XSIM 43-3431] One or more environment variables have been detected which affect the operation of the C compiler. These are typically not set in standard installations and are not tested by Xilinx, however they may be appropriate for your system, so the flow will attempt to continue.  If errors occur, try running xelab with the "-mt off -v 1" switches to see more information from the C compiler. The following environment variables have been detected:
INFO: [VRFC 10-2263] Analyzing SystemVerilog file "/home/jaswanth/workspace/hls_ip/openhab_controls_bram/openhab_controls_bram/solution1/sim/verilog/glbl.v" into library work
INFO: [VRFC 10-311] analyzing module glbl
INFO: [VRFC 10-2263] Analyzing SystemVerilog file "/home/jaswanth/workspace/hls_ip/openhab_controls_bram/openhab_controls_bram/solution1/sim/verilog/openhab_controls.v" into library xil_defaultlib
INFO: [VRFC 10-311] analyzing module openhab_controls
INFO: [VRFC 10-2263] Analyzing SystemVerilog file "/home/jaswanth/workspace/hls_ip/openhab_controls_bram/openhab_controls_bram/solution1/sim/verilog/openhab_controls.autotb.v" into library xil_defaultlib
INFO: [VRFC 10-311] analyzing module apatb_openhab_controls_top
INFO: [VRFC 10-2458] undeclared symbol braminputData_V_Rst_A, assumed default net type wire [/home/jaswanth/workspace/hls_ip/openhab_controls_bram/openhab_controls_bram/solution1/sim/verilog/openhab_controls.autotb.v:180]
INFO: [VRFC 10-2458] undeclared symbol braminputData_V_Rst_B, assumed default net type wire [/home/jaswanth/workspace/hls_ip/openhab_controls_bram/openhab_controls_bram/solution1/sim/verilog/openhab_controls.autotb.v:187]
INFO: [VRFC 10-2458] undeclared symbol bramthresholds_V_Rst_A, assumed default net type wire [/home/jaswanth/workspace/hls_ip/openhab_controls_bram/openhab_controls_bram/solution1/sim/verilog/openhab_controls.autotb.v:225]
INFO: [VRFC 10-2458] undeclared symbol bramthresholds_V_Rst_B, assumed default net type wire [/home/jaswanth/workspace/hls_ip/openhab_controls_bram/openhab_controls_bram/solution1/sim/verilog/openhab_controls.autotb.v:232]
INFO: [VRFC 10-2458] undeclared symbol bramoutData_Rst_A, assumed default net type wire [/home/jaswanth/workspace/hls_ip/openhab_controls_bram/openhab_controls_bram/solution1/sim/verilog/openhab_controls.autotb.v:270]
INFO: [VRFC 10-2458] undeclared symbol bramoutData_Rst_B, assumed default net type wire [/home/jaswanth/workspace/hls_ip/openhab_controls_bram/openhab_controls_bram/solution1/sim/verilog/openhab_controls.autotb.v:277]
INFO: [VRFC 10-2263] Analyzing SystemVerilog file "/home/jaswanth/workspace/hls_ip/openhab_controls_bram/openhab_controls_bram/solution1/sim/verilog/AESL_autobram_inputData_V.v" into library xil_defaultlib
INFO: [VRFC 10-311] analyzing module AESL_autobram_inputData_V
INFO: [VRFC 10-2263] Analyzing SystemVerilog file "/home/jaswanth/workspace/hls_ip/openhab_controls_bram/openhab_controls_bram/solution1/sim/verilog/AESL_autobram_outData.v" into library xil_defaultlib
INFO: [VRFC 10-311] analyzing module AESL_autobram_outData
INFO: [VRFC 10-2263] Analyzing SystemVerilog file "/home/jaswanth/workspace/hls_ip/openhab_controls_bram/openhab_controls_bram/solution1/sim/verilog/AESL_autobram_thresholds_V.v" into library xil_defaultlib
INFO: [VRFC 10-311] analyzing module AESL_autobram_thresholds_V
Starting static elaboration
Pass Through NonSizing Optimizer
Completed static elaboration
Starting simulation data flow analysis
Completed simulation data flow analysis
Time Resolution for simulation is 1ps
Compiling module xil_defaultlib.openhab_controls
Compiling module xil_defaultlib.AESL_autobram_inputData_V
Compiling module xil_defaultlib.AESL_autobram_thresholds_V
Compiling module xil_defaultlib.AESL_autobram_outData
Compiling module xil_defaultlib.apatb_openhab_controls_top
Compiling module work.glbl
Built simulation snapshot openhab_controls
