INFO: [HLS 200-10] Running '/home/jaswanth/toolsEDA/Xilinx/Vivado/2019.2/bin/unwrapped/lnx64.o/vivado_hls'
<<<<<<< HEAD
INFO: [HLS 200-10] For user 'jaswanth' on host 'jaswanth' (Linux_x86_64 version 5.4.0-70-generic) on Fri Mar 26 14:33:15 CET 2021
=======
INFO: [HLS 200-10] For user 'jaswanth' on host 'jaswanth' (Linux_x86_64 version 5.4.0-67-generic) on Wed Mar 17 17:14:51 CET 2021
>>>>>>> e6ba4f12a62ab2691c7c4dd9af72e186add2c2fa
INFO: [HLS 200-10] On os Ubuntu 18.04.5 LTS
INFO: [HLS 200-10] In directory '/home/jaswanth/Praeklima/Hardware_PL/HLS_IPs/openhab_controls'
Sourcing Tcl script '/home/jaswanth/Praeklima/Hardware_PL/HLS_IPs/openhab_controls/openhab_controls/solution1/export.tcl'
INFO: [HLS 200-10] Opening project '/home/jaswanth/Praeklima/Hardware_PL/HLS_IPs/openhab_controls/openhab_controls'.
INFO: [HLS 200-10] Opening solution '/home/jaswanth/Praeklima/Hardware_PL/HLS_IPs/openhab_controls/openhab_controls/solution1'.
INFO: [SYN 201-201] Setting up clock 'default' with a period of 10ns.
INFO: [HLS 200-10] Setting target device to 'xczu3eg-sbva484-1-e'
INFO: [IMPL 213-8] Exporting RTL as a Vivado IP.

****** Vivado v2019.2 (64-bit)
  **** SW Build 2708876 on Wed Nov  6 21:39:14 MST 2019
  **** IP Build 2700528 on Thu Nov  7 00:09:20 MST 2019
    ** Copyright 1986-2019 Xilinx, Inc. All Rights Reserved.

source run_ippack.tcl -notrace
INFO: [IP_Flow 19-234] Refreshing IP repositories
INFO: [IP_Flow 19-1704] No user IP repositories specified
INFO: [IP_Flow 19-2313] Loaded Vivado IP repository '/home/jaswanth/toolsEDA/Xilinx/Vivado/2019.2/data/ip'.
<<<<<<< HEAD
INFO: [Common 17-206] Exiting Vivado at Fri Mar 26 14:33:30 2021...
=======
INFO: [Common 17-206] Exiting Vivado at Wed Mar 17 17:15:05 2021...
>>>>>>> e6ba4f12a62ab2691c7c4dd9af72e186add2c2fa
