

================================================================
== Vivado HLS Report for 'image_inverter1'
================================================================
* Date:           Tue Mar  9 16:23:04 2021

* Version:        2019.2 (Build 2704478 on Wed Nov 06 22:10:23 MST 2019)
* Project:        image_inverter
* Solution:       solution1
* Product family: zynquplus
* Target device:  xczu3eg-sbva484-1-i


================================================================
== Performance Estimates
================================================================
+ Timing: 
    * Summary: 
    +--------+----------+----------+------------+
    |  Clock |  Target  | Estimated| Uncertainty|
    +--------+----------+----------+------------+
    |ap_clk  | 10.00 ns | 0.389 ns |   1.25 ns  |
    +--------+----------+----------+------------+

+ Latency: 
    * Summary: 
    +---------+---------+-----------+-----------+-----+-----+----------+
    |  Latency (cycles) |   Latency (absolute)  |  Interval | Pipeline |
    |   min   |   max   |    min    |    max    | min | max |   Type   |
    +---------+---------+-----------+-----------+-----+-----+----------+
    |        1|        1| 10.000 ns | 10.000 ns |    1|    1| function |
    +---------+---------+-----------+-----------+-----+-----+----------+

    + Detail: 
        * Instance: 
        N/A

        * Loop: 
        N/A

============================================================
+ Verbose Summary: Synthesis Manager
============================================================
InlineROM: 1
ExposeGlobal: 0
============================================================
+ Verbose Summary: CDFG Model
============================================================
IsTopModel: 1
ResetActiveHigh: 1
IsCombinational: 0
IsDatapathOnly: 0
HasWiredReturn: 1
HasMFsm: 2
HasVarLatency: 0
IsPipeline: 1
IsRtlPipelined: 1
IsInstanceOverlapped: 0
IsDontTouch: 0
HasImplIP: 0
IsGatedGlobalClock: 0

+ Individual pipeline summary: 
  * Pipeline-0: initiation interval (II) = 1, depth = 2


============================================================
+ Verbose Summary: Schedule
============================================================
* Number of FSM states : 2
* Pipeline : 1
  Pipeline-0 : II = 1, D = 2, States = { 1 2 }
* Dataflow Pipeline: 0

* FSM state transitions: 
1 --> 2 
2 --> 

* FSM state operations: 

State 1 <SV = 0> <Delay = 0.38>
ST_1 : Operation 3 [1/1] (0.00ns)   --->   "%empty = call { i8, i1, i1, i1 } @_ssdm_op_Read.axis.volatile.i8P.i1P.i1P.i1P(i8* %inStream_V_data_V, i1* %inStream_V_keep_V, i1* %inStream_V_strb_V, i1* %inStream_V_last_V)" [core.cpp:17]   --->   Operation 3 'read' 'empty' <Predicate = true> <Delay = 0.00> <Core = "AXI4Stream">   --->   Core 5 'AXI4Stream' <Latency = 0> <II = 1> <Delay = 1.00> <Adapter> <Opcode : >
ST_1 : Operation 4 [1/1] (0.00ns) (grouped into LUT with out node valOut_data_V)   --->   "%tmp_data_V = extractvalue { i8, i1, i1, i1 } %empty, 0" [core.cpp:17]   --->   Operation 4 'extractvalue' 'tmp_data_V' <Predicate = true> <Delay = 0.00>
ST_1 : Operation 5 [1/1] (0.00ns)   --->   "%tmp_keep_V = extractvalue { i8, i1, i1, i1 } %empty, 1" [core.cpp:17]   --->   Operation 5 'extractvalue' 'tmp_keep_V' <Predicate = true> <Delay = 0.00>
ST_1 : Operation 6 [1/1] (0.00ns)   --->   "%tmp_strb_V = extractvalue { i8, i1, i1, i1 } %empty, 2" [core.cpp:17]   --->   Operation 6 'extractvalue' 'tmp_strb_V' <Predicate = true> <Delay = 0.00>
ST_1 : Operation 7 [1/1] (0.00ns)   --->   "%tmp_last_V = extractvalue { i8, i1, i1, i1 } %empty, 3" [core.cpp:17]   --->   Operation 7 'extractvalue' 'tmp_last_V' <Predicate = true> <Delay = 0.00>
ST_1 : Operation 8 [1/1] (0.38ns) (out node of the LUT)   --->   "%valOut_data_V = xor i8 %tmp_data_V, -1" [core.cpp:20]   --->   Operation 8 'xor' 'valOut_data_V' <Predicate = true> <Delay = 0.38> <Core = "LogicGate">   --->   Core 27 'LogicGate' <Latency = 0> <II = 1> <Delay = 0.38> <FuncUnit> <Opcode : 'and' 'or' 'xor'> <InPorts = 2> <OutPorts = 1>
ST_1 : Operation 9 [2/2] (0.00ns)   --->   "call void @_ssdm_op_Write.axis.volatile.i8P.i1P.i1P.i1P(i8* %outStream_V_data_V, i1* %outStream_V_keep_V, i1* %outStream_V_strb_V, i1* %outStream_V_last_V, i8 %valOut_data_V, i1 %tmp_keep_V, i1 %tmp_strb_V, i1 %tmp_last_V)" [core.cpp:31]   --->   Operation 9 'write' <Predicate = true> <Delay = 0.00> <Core = "AXI4Stream">   --->   Core 5 'AXI4Stream' <Latency = 0> <II = 1> <Delay = 1.00> <Adapter> <Opcode : >

State 2 <SV = 1> <Delay = 0.00>
ST_2 : Operation 10 [1/1] (0.00ns)   --->   "call void (...)* @_ssdm_op_SpecBitsMap(i8* %inStream_V_data_V), !map !42"   --->   Operation 10 'specbitsmap' <Predicate = true> <Delay = 0.00>
ST_2 : Operation 11 [1/1] (0.00ns)   --->   "call void (...)* @_ssdm_op_SpecBitsMap(i1* %inStream_V_keep_V), !map !48"   --->   Operation 11 'specbitsmap' <Predicate = true> <Delay = 0.00>
ST_2 : Operation 12 [1/1] (0.00ns)   --->   "call void (...)* @_ssdm_op_SpecBitsMap(i1* %inStream_V_strb_V), !map !52"   --->   Operation 12 'specbitsmap' <Predicate = true> <Delay = 0.00>
ST_2 : Operation 13 [1/1] (0.00ns)   --->   "call void (...)* @_ssdm_op_SpecBitsMap(i1* %inStream_V_last_V), !map !56"   --->   Operation 13 'specbitsmap' <Predicate = true> <Delay = 0.00>
ST_2 : Operation 14 [1/1] (0.00ns)   --->   "call void (...)* @_ssdm_op_SpecBitsMap(i8* %outStream_V_data_V), !map !60"   --->   Operation 14 'specbitsmap' <Predicate = true> <Delay = 0.00>
ST_2 : Operation 15 [1/1] (0.00ns)   --->   "call void (...)* @_ssdm_op_SpecBitsMap(i1* %outStream_V_keep_V), !map !64"   --->   Operation 15 'specbitsmap' <Predicate = true> <Delay = 0.00>
ST_2 : Operation 16 [1/1] (0.00ns)   --->   "call void (...)* @_ssdm_op_SpecBitsMap(i1* %outStream_V_strb_V), !map !68"   --->   Operation 16 'specbitsmap' <Predicate = true> <Delay = 0.00>
ST_2 : Operation 17 [1/1] (0.00ns)   --->   "call void (...)* @_ssdm_op_SpecBitsMap(i1* %outStream_V_last_V), !map !72"   --->   Operation 17 'specbitsmap' <Predicate = true> <Delay = 0.00>
ST_2 : Operation 18 [1/1] (0.00ns)   --->   "call void (...)* @_ssdm_op_SpecTopModule([16 x i8]* @image_inverter1_str) nounwind"   --->   Operation 18 'spectopmodule' <Predicate = true> <Delay = 0.00>
ST_2 : Operation 19 [1/1] (0.00ns)   --->   "call void (...)* @_ssdm_op_SpecInterface(i8* %inStream_V_data_V, i1* %inStream_V_keep_V, i1* %inStream_V_strb_V, i1* %inStream_V_last_V, [5 x i8]* @p_str, i32 1, i32 1, [5 x i8]* @p_str1, i32 0, i32 0, [1 x i8]* @p_str2, [1 x i8]* @p_str2, [1 x i8]* @p_str2, i32 0, i32 0, i32 0, i32 0, [1 x i8]* @p_str2, [1 x i8]* @p_str2) nounwind" [core.cpp:10]   --->   Operation 19 'specinterface' <Predicate = true> <Delay = 0.00>
ST_2 : Operation 20 [1/1] (0.00ns)   --->   "call void (...)* @_ssdm_op_SpecInterface(i8* %outStream_V_data_V, i1* %outStream_V_keep_V, i1* %outStream_V_strb_V, i1* %outStream_V_last_V, [5 x i8]* @p_str, i32 1, i32 1, [5 x i8]* @p_str1, i32 0, i32 0, [1 x i8]* @p_str2, [1 x i8]* @p_str2, [1 x i8]* @p_str2, i32 0, i32 0, i32 0, i32 0, [1 x i8]* @p_str2, [1 x i8]* @p_str2) nounwind" [core.cpp:11]   --->   Operation 20 'specinterface' <Predicate = true> <Delay = 0.00>
ST_2 : Operation 21 [1/1] (0.00ns)   --->   "call void (...)* @_ssdm_op_SpecInterface(i32 0, [13 x i8]* @p_str3, i32 0, i32 0, [1 x i8]* @p_str2, i32 0, i32 0, [1 x i8]* @p_str2, [1 x i8]* @p_str2, [1 x i8]* @p_str2, i32 0, i32 0, i32 0, i32 0, [1 x i8]* @p_str2, [1 x i8]* @p_str2) nounwind" [core.cpp:12]   --->   Operation 21 'specinterface' <Predicate = true> <Delay = 0.00>
ST_2 : Operation 22 [1/1] (0.00ns)   --->   "call void (...)* @_ssdm_op_SpecPipeline(i32 -1, i32 1, i32 1, i32 0, [1 x i8]* @p_str2) nounwind" [core.cpp:15]   --->   Operation 22 'specpipeline' <Predicate = true> <Delay = 0.00>
ST_2 : Operation 23 [1/2] (0.00ns)   --->   "call void @_ssdm_op_Write.axis.volatile.i8P.i1P.i1P.i1P(i8* %outStream_V_data_V, i1* %outStream_V_keep_V, i1* %outStream_V_strb_V, i1* %outStream_V_last_V, i8 %valOut_data_V, i1 %tmp_keep_V, i1 %tmp_strb_V, i1 %tmp_last_V)" [core.cpp:31]   --->   Operation 23 'write' <Predicate = true> <Delay = 0.00> <Core = "AXI4Stream">   --->   Core 5 'AXI4Stream' <Latency = 0> <II = 1> <Delay = 1.00> <Adapter> <Opcode : >
ST_2 : Operation 24 [1/1] (0.00ns)   --->   "ret void" [core.cpp:34]   --->   Operation 24 'ret' <Predicate = true> <Delay = 0.00>


============================================================
+ Verbose Summary: Binding
============================================================
STG Binding: 
---------------- STG Properties BEGIN ----------------
- Is combinational: 0
- Is one-state seq: 0
- Is datapath-only: 0
- Is pipelined: 1
- Is top level: 1
Port [ Return ] is wired: 1; IO mode=ap_ctrl_none:ce=0
Port [ inStream_V_data_V]:  wired=1; compound=1; hidden=0; nouse=0; global=0; static=0; extern=0; dir=0; type=0; pingpong=0; private_global=0; IO mode=axis:ce=0
Port [ inStream_V_keep_V]:  wired=1; compound=1; hidden=0; nouse=0; global=0; static=0; extern=0; dir=0; type=0; pingpong=0; private_global=0; IO mode=axis:ce=0
Port [ inStream_V_strb_V]:  wired=1; compound=1; hidden=0; nouse=0; global=0; static=0; extern=0; dir=0; type=0; pingpong=0; private_global=0; IO mode=axis:ce=0
Port [ inStream_V_last_V]:  wired=1; compound=1; hidden=0; nouse=0; global=0; static=0; extern=0; dir=0; type=0; pingpong=0; private_global=0; IO mode=axis:ce=0
Port [ outStream_V_data_V]:  wired=1; compound=1; hidden=0; nouse=0; global=0; static=0; extern=0; dir=1; type=0; pingpong=0; private_global=0; IO mode=axis:ce=0
Port [ outStream_V_keep_V]:  wired=1; compound=1; hidden=0; nouse=0; global=0; static=0; extern=0; dir=1; type=0; pingpong=0; private_global=0; IO mode=axis:ce=0
Port [ outStream_V_strb_V]:  wired=1; compound=1; hidden=0; nouse=0; global=0; static=0; extern=0; dir=1; type=0; pingpong=0; private_global=0; IO mode=axis:ce=0
Port [ outStream_V_last_V]:  wired=1; compound=1; hidden=0; nouse=0; global=0; static=0; extern=0; dir=1; type=0; pingpong=0; private_global=0; IO mode=axis:ce=0
---------------- STG Properties END ------------------

---------------- Datapath Model BEGIN ----------------

<LifeTime>
<method=bitvector/>
empty              (read         ) [ 000]
tmp_data_V         (extractvalue ) [ 000]
tmp_keep_V         (extractvalue ) [ 011]
tmp_strb_V         (extractvalue ) [ 011]
tmp_last_V         (extractvalue ) [ 011]
valOut_data_V      (xor          ) [ 011]
specbitsmap_ln0    (specbitsmap  ) [ 000]
specbitsmap_ln0    (specbitsmap  ) [ 000]
specbitsmap_ln0    (specbitsmap  ) [ 000]
specbitsmap_ln0    (specbitsmap  ) [ 000]
specbitsmap_ln0    (specbitsmap  ) [ 000]
specbitsmap_ln0    (specbitsmap  ) [ 000]
specbitsmap_ln0    (specbitsmap  ) [ 000]
specbitsmap_ln0    (specbitsmap  ) [ 000]
spectopmodule_ln0  (spectopmodule) [ 000]
specinterface_ln10 (specinterface) [ 000]
specinterface_ln11 (specinterface) [ 000]
specinterface_ln12 (specinterface) [ 000]
specpipeline_ln15  (specpipeline ) [ 000]
write_ln31         (write        ) [ 000]
ret_ln34           (ret          ) [ 000]
</LifeTime>

<model>

<comp_list>
<comp id="0" class="1000" name="inStream_V_data_V">
<pin_list>
<pin id="1" dir="1" index="0" bw="1" slack="0"/>
</pin_list>
<bind>
<StgValue><ssdm name="inStream_V_data_V"/></StgValue>
</bind>
</comp>

<comp id="2" class="1000" name="inStream_V_keep_V">
<pin_list>
<pin id="3" dir="1" index="0" bw="1" slack="0"/>
</pin_list>
<bind>
<StgValue><ssdm name="inStream_V_keep_V"/></StgValue>
</bind>
</comp>

<comp id="4" class="1000" name="inStream_V_strb_V">
<pin_list>
<pin id="5" dir="1" index="0" bw="1" slack="0"/>
</pin_list>
<bind>
<StgValue><ssdm name="inStream_V_strb_V"/></StgValue>
</bind>
</comp>

<comp id="6" class="1000" name="inStream_V_last_V">
<pin_list>
<pin id="7" dir="1" index="0" bw="1" slack="0"/>
</pin_list>
<bind>
<StgValue><ssdm name="inStream_V_last_V"/></StgValue>
</bind>
</comp>

<comp id="8" class="1000" name="outStream_V_data_V">
<pin_list>
<pin id="9" dir="1" index="0" bw="1" slack="0"/>
</pin_list>
<bind>
<StgValue><ssdm name="outStream_V_data_V"/></StgValue>
</bind>
</comp>

<comp id="10" class="1000" name="outStream_V_keep_V">
<pin_list>
<pin id="11" dir="1" index="0" bw="1" slack="0"/>
</pin_list>
<bind>
<StgValue><ssdm name="outStream_V_keep_V"/></StgValue>
</bind>
</comp>

<comp id="12" class="1000" name="outStream_V_strb_V">
<pin_list>
<pin id="13" dir="1" index="0" bw="1" slack="0"/>
</pin_list>
<bind>
<StgValue><ssdm name="outStream_V_strb_V"/></StgValue>
</bind>
</comp>

<comp id="14" class="1000" name="outStream_V_last_V">
<pin_list>
<pin id="15" dir="1" index="0" bw="1" slack="0"/>
</pin_list>
<bind>
<StgValue><ssdm name="outStream_V_last_V"/></StgValue>
</bind>
</comp>

<comp id="16" class="1001" name="const_16">
<pin_list>
<pin id="17" dir="1" index="0" bw="1" slack="0"/>
</pin_list>
<bind>
<StgValue><ssdm name="_ssdm_op_Read.axis.volatile.i8P.i1P.i1P.i1P"/></StgValue>
</bind>
</comp>

<comp id="18" class="1001" name="const_18">
<pin_list>
<pin id="19" dir="1" index="0" bw="1" slack="0"/>
</pin_list>
<bind>
<StgValue><ssdm name=""/></StgValue>
</bind>
</comp>

<comp id="20" class="1001" name="const_20">
<pin_list>
<pin id="21" dir="1" index="0" bw="1" slack="0"/>
</pin_list>
<bind>
<StgValue><ssdm name="_ssdm_op_Write.axis.volatile.i8P.i1P.i1P.i1P"/></StgValue>
</bind>
</comp>

<comp id="22" class="1001" name="const_22">
<pin_list>
<pin id="23" dir="1" index="0" bw="1" slack="2147483647"/>
</pin_list>
<bind>
<StgValue><ssdm name="_ssdm_op_SpecBitsMap"/></StgValue>
</bind>
</comp>

<comp id="24" class="1001" name="const_24">
<pin_list>
<pin id="25" dir="1" index="0" bw="1" slack="2147483647"/>
</pin_list>
<bind>
<StgValue><ssdm name="_ssdm_op_SpecTopModule"/></StgValue>
</bind>
</comp>

<comp id="26" class="1001" name="const_26">
<pin_list>
<pin id="27" dir="1" index="0" bw="1" slack="2147483647"/>
</pin_list>
<bind>
<StgValue><ssdm name="image_inverter1_str"/></StgValue>
</bind>
</comp>

<comp id="28" class="1001" name="const_28">
<pin_list>
<pin id="29" dir="1" index="0" bw="1" slack="2147483647"/>
</pin_list>
<bind>
<StgValue><ssdm name="_ssdm_op_SpecInterface"/></StgValue>
</bind>
</comp>

<comp id="30" class="1001" name="const_30">
<pin_list>
<pin id="31" dir="1" index="0" bw="1" slack="2147483647"/>
</pin_list>
<bind>
<StgValue><ssdm name="p_str"/></StgValue>
</bind>
</comp>

<comp id="32" class="1001" name="const_32">
<pin_list>
<pin id="33" dir="1" index="0" bw="1" slack="2147483647"/>
</pin_list>
<bind>
<StgValue><ssdm name=""/></StgValue>
</bind>
</comp>

<comp id="34" class="1001" name="const_34">
<pin_list>
<pin id="35" dir="1" index="0" bw="1" slack="2147483647"/>
</pin_list>
<bind>
<StgValue><ssdm name="p_str1"/></StgValue>
</bind>
</comp>

<comp id="36" class="1001" name="const_36">
<pin_list>
<pin id="37" dir="1" index="0" bw="1" slack="2147483647"/>
</pin_list>
<bind>
<StgValue><ssdm name=""/></StgValue>
</bind>
</comp>

<comp id="38" class="1001" name="const_38">
<pin_list>
<pin id="39" dir="1" index="0" bw="1" slack="2147483647"/>
</pin_list>
<bind>
<StgValue><ssdm name="p_str2"/></StgValue>
</bind>
</comp>

<comp id="40" class="1001" name="const_40">
<pin_list>
<pin id="41" dir="1" index="0" bw="1" slack="2147483647"/>
</pin_list>
<bind>
<StgValue><ssdm name="p_str3"/></StgValue>
</bind>
</comp>

<comp id="42" class="1001" name="const_42">
<pin_list>
<pin id="43" dir="1" index="0" bw="1" slack="2147483647"/>
</pin_list>
<bind>
<StgValue><ssdm name="_ssdm_op_SpecPipeline"/></StgValue>
</bind>
</comp>

<comp id="44" class="1001" name="const_44">
<pin_list>
<pin id="45" dir="1" index="0" bw="1" slack="2147483647"/>
</pin_list>
<bind>
<StgValue><ssdm name=""/></StgValue>
</bind>
</comp>

<comp id="46" class="1004" name="empty_read_fu_46">
<pin_list>
<pin id="47" dir="0" index="0" bw="11" slack="0"/>
<pin id="48" dir="0" index="1" bw="8" slack="0"/>
<pin id="49" dir="0" index="2" bw="1" slack="0"/>
<pin id="50" dir="0" index="3" bw="1" slack="0"/>
<pin id="51" dir="0" index="4" bw="1" slack="0"/>
<pin id="52" dir="1" index="5" bw="11" slack="0"/>
</pin_list>
<bind>
<opcode="read(1150) " fcode="read"/>
<opset="empty/1 "/>
</bind>
</comp>

<comp id="58" class="1004" name="grp_write_fu_58">
<pin_list>
<pin id="59" dir="0" index="0" bw="0" slack="0"/>
<pin id="60" dir="0" index="1" bw="8" slack="0"/>
<pin id="61" dir="0" index="2" bw="1" slack="0"/>
<pin id="62" dir="0" index="3" bw="1" slack="0"/>
<pin id="63" dir="0" index="4" bw="1" slack="0"/>
<pin id="64" dir="0" index="5" bw="8" slack="0"/>
<pin id="65" dir="0" index="6" bw="1" slack="0"/>
<pin id="66" dir="0" index="7" bw="1" slack="0"/>
<pin id="67" dir="0" index="8" bw="1" slack="0"/>
<pin id="68" dir="1" index="9" bw="0" slack="2147483647"/>
</pin_list>
<bind>
<opcode="write(1151) " fcode="write"/>
<opset="write_ln31/1 "/>
</bind>
</comp>

<comp id="74" class="1004" name="tmp_data_V_fu_74">
<pin_list>
<pin id="75" dir="0" index="0" bw="11" slack="0"/>
<pin id="76" dir="1" index="1" bw="8" slack="0"/>
</pin_list>
<bind>
<opcode="extractvalue(56) " fcode="extractvalue"/>
<opset="tmp_data_V/1 "/>
</bind>
</comp>

<comp id="78" class="1004" name="tmp_keep_V_fu_78">
<pin_list>
<pin id="79" dir="0" index="0" bw="11" slack="0"/>
<pin id="80" dir="1" index="1" bw="1" slack="0"/>
</pin_list>
<bind>
<opcode="extractvalue(56) " fcode="extractvalue"/>
<opset="tmp_keep_V/1 "/>
</bind>
</comp>

<comp id="83" class="1004" name="tmp_strb_V_fu_83">
<pin_list>
<pin id="84" dir="0" index="0" bw="11" slack="0"/>
<pin id="85" dir="1" index="1" bw="1" slack="0"/>
</pin_list>
<bind>
<opcode="extractvalue(56) " fcode="extractvalue"/>
<opset="tmp_strb_V/1 "/>
</bind>
</comp>

<comp id="88" class="1004" name="tmp_last_V_fu_88">
<pin_list>
<pin id="89" dir="0" index="0" bw="11" slack="0"/>
<pin id="90" dir="1" index="1" bw="1" slack="0"/>
</pin_list>
<bind>
<opcode="extractvalue(56) " fcode="extractvalue"/>
<opset="tmp_last_V/1 "/>
</bind>
</comp>

<comp id="93" class="1004" name="valOut_data_V_fu_93">
<pin_list>
<pin id="94" dir="0" index="0" bw="8" slack="0"/>
<pin id="95" dir="0" index="1" bw="1" slack="0"/>
<pin id="96" dir="1" index="2" bw="8" slack="0"/>
</pin_list>
<bind>
<opcode="xor(25) " fcode="xor"/>
<opset="valOut_data_V/1 "/>
</bind>
</comp>

<comp id="100" class="1005" name="tmp_keep_V_reg_100">
<pin_list>
<pin id="101" dir="0" index="0" bw="1" slack="1"/>
<pin id="102" dir="1" index="1" bw="1" slack="1"/>
</pin_list>
<bind>
<opset="tmp_keep_V "/>
</bind>
</comp>

<comp id="105" class="1005" name="tmp_strb_V_reg_105">
<pin_list>
<pin id="106" dir="0" index="0" bw="1" slack="1"/>
<pin id="107" dir="1" index="1" bw="1" slack="1"/>
</pin_list>
<bind>
<opset="tmp_strb_V "/>
</bind>
</comp>

<comp id="110" class="1005" name="tmp_last_V_reg_110">
<pin_list>
<pin id="111" dir="0" index="0" bw="1" slack="1"/>
<pin id="112" dir="1" index="1" bw="1" slack="1"/>
</pin_list>
<bind>
<opset="tmp_last_V "/>
</bind>
</comp>

<comp id="115" class="1005" name="valOut_data_V_reg_115">
<pin_list>
<pin id="116" dir="0" index="0" bw="8" slack="1"/>
<pin id="117" dir="1" index="1" bw="8" slack="1"/>
</pin_list>
<bind>
<opset="valOut_data_V "/>
</bind>
</comp>

</comp_list>

<net_list>
<net id="53"><net_src comp="16" pin="0"/><net_sink comp="46" pin=0"/></net>

<net id="54"><net_src comp="0" pin="0"/><net_sink comp="46" pin=1"/></net>

<net id="55"><net_src comp="2" pin="0"/><net_sink comp="46" pin=2"/></net>

<net id="56"><net_src comp="4" pin="0"/><net_sink comp="46" pin=3"/></net>

<net id="57"><net_src comp="6" pin="0"/><net_sink comp="46" pin=4"/></net>

<net id="69"><net_src comp="20" pin="0"/><net_sink comp="58" pin=0"/></net>

<net id="70"><net_src comp="8" pin="0"/><net_sink comp="58" pin=1"/></net>

<net id="71"><net_src comp="10" pin="0"/><net_sink comp="58" pin=2"/></net>

<net id="72"><net_src comp="12" pin="0"/><net_sink comp="58" pin=3"/></net>

<net id="73"><net_src comp="14" pin="0"/><net_sink comp="58" pin=4"/></net>

<net id="77"><net_src comp="46" pin="5"/><net_sink comp="74" pin=0"/></net>

<net id="81"><net_src comp="46" pin="5"/><net_sink comp="78" pin=0"/></net>

<net id="82"><net_src comp="78" pin="1"/><net_sink comp="58" pin=6"/></net>

<net id="86"><net_src comp="46" pin="5"/><net_sink comp="83" pin=0"/></net>

<net id="87"><net_src comp="83" pin="1"/><net_sink comp="58" pin=7"/></net>

<net id="91"><net_src comp="46" pin="5"/><net_sink comp="88" pin=0"/></net>

<net id="92"><net_src comp="88" pin="1"/><net_sink comp="58" pin=8"/></net>

<net id="97"><net_src comp="74" pin="1"/><net_sink comp="93" pin=0"/></net>

<net id="98"><net_src comp="18" pin="0"/><net_sink comp="93" pin=1"/></net>

<net id="99"><net_src comp="93" pin="2"/><net_sink comp="58" pin=5"/></net>

<net id="103"><net_src comp="78" pin="1"/><net_sink comp="100" pin=0"/></net>

<net id="104"><net_src comp="100" pin="1"/><net_sink comp="58" pin=6"/></net>

<net id="108"><net_src comp="83" pin="1"/><net_sink comp="105" pin=0"/></net>

<net id="109"><net_src comp="105" pin="1"/><net_sink comp="58" pin=7"/></net>

<net id="113"><net_src comp="88" pin="1"/><net_sink comp="110" pin=0"/></net>

<net id="114"><net_src comp="110" pin="1"/><net_sink comp="58" pin=8"/></net>

<net id="118"><net_src comp="93" pin="2"/><net_sink comp="115" pin=0"/></net>

<net id="119"><net_src comp="115" pin="1"/><net_sink comp="58" pin=5"/></net>

</net_list>

</model> 
---------------- Datapath Model END ------------------

* FSMD analyzer results:
  - Output states:
	Port: outStream_V_data_V | {2 }
	Port: outStream_V_keep_V | {2 }
	Port: outStream_V_strb_V | {2 }
	Port: outStream_V_last_V | {2 }
 - Input state : 
	Port: image_inverter1 : inStream_V_data_V | {1 }
	Port: image_inverter1 : inStream_V_keep_V | {1 }
	Port: image_inverter1 : inStream_V_strb_V | {1 }
	Port: image_inverter1 : inStream_V_last_V | {1 }
  - Chain level:
	State 1
		valOut_data_V : 1
		write_ln31 : 1
	State 2


============================================================
+ Verbose Summary: Datapath Resource usage 
============================================================

* Functional unit list:
|----------|---------------------|---------|---------|
| Operation|   Functional Unit   |    FF   |   LUT   |
|----------|---------------------|---------|---------|
|    xor   | valOut_data_V_fu_93 |    0    |    8    |
|----------|---------------------|---------|---------|
|   read   |   empty_read_fu_46  |    0    |    0    |
|----------|---------------------|---------|---------|
|   write  |   grp_write_fu_58   |    0    |    0    |
|----------|---------------------|---------|---------|
|          |   tmp_data_V_fu_74  |    0    |    0    |
|extractvalue|   tmp_keep_V_fu_78  |    0    |    0    |
|          |   tmp_strb_V_fu_83  |    0    |    0    |
|          |   tmp_last_V_fu_88  |    0    |    0    |
|----------|---------------------|---------|---------|
|   Total  |                     |    0    |    8    |
|----------|---------------------|---------|---------|

Memories:
N/A

* Register list:
+---------------------+--------+
|                     |   FF   |
+---------------------+--------+
|  tmp_keep_V_reg_100 |    1   |
|  tmp_last_V_reg_110 |    1   |
|  tmp_strb_V_reg_105 |    1   |
|valOut_data_V_reg_115|    8   |
+---------------------+--------+
|        Total        |   11   |
+---------------------+--------+

* Multiplexer (MUX) list: 
|-----------------|------|------|------|--------||---------||---------|
|       Comp      |  Pin | Size |  BW  | S x BW ||  Delay  ||   LUT   |
|-----------------|------|------|------|--------||---------||---------|
| grp_write_fu_58 |  p5  |   2  |   8  |   16   ||    9    |
| grp_write_fu_58 |  p6  |   2  |   1  |    2   ||    9    |
| grp_write_fu_58 |  p7  |   2  |   1  |    2   ||    9    |
| grp_write_fu_58 |  p8  |   2  |   1  |    2   ||    9    |
|-----------------|------|------|------|--------||---------||---------|
|      Total      |      |      |      |   22   ||   3.02  ||    36   |
|-----------------|------|------|------|--------||---------||---------|



* Summary:
+-----------+--------+--------+--------+
|           |  Delay |   FF   |   LUT  |
+-----------+--------+--------+--------+
|  Function |    -   |    0   |    8   |
|   Memory  |    -   |    -   |    -   |
|Multiplexer|    3   |    -   |   36   |
|  Register |    -   |   11   |    -   |
+-----------+--------+--------+--------+
|   Total   |    3   |   11   |   44   |
+-----------+--------+--------+--------+
