

================================================================
== Vivado HLS Report for 'pp_1'
================================================================
* Date:           Wed Mar 31 14:47:22 2021

* Version:        2019.2 (Build 2704478 on Wed Nov 06 22:10:23 MST 2019)
* Project:        parallel_processing_1
* Solution:       solution1
* Product family: zynquplus
* Target device:  xczu3eg-sbva484-1-i


================================================================
== Performance Estimates
================================================================
+ Timing: 
    * Summary: 
    +--------+----------+----------+------------+
    |  Clock |  Target  | Estimated| Uncertainty|
    +--------+----------+----------+------------+
    |ap_clk  | 10.00 ns | 1.203 ns |   1.25 ns  |
    +--------+----------+----------+------------+

+ Latency: 
    * Summary: 
    +---------+---------+----------+----------+-----+-----+---------+
    |  Latency (cycles) |  Latency (absolute) |  Interval | Pipeline|
    |   min   |   max   |    min   |    max   | min | max |   Type  |
    +---------+---------+----------+----------+-----+-----+---------+
    |       41|       41| 0.410 us | 0.410 us |   41|   41|   none  |
    +---------+---------+----------+----------+-----+-----+---------+

    + Detail: 
        * Instance: 
        N/A

        * Loop: 
        +----------+---------+---------+----------+-----------+-----------+------+----------+
        |          |  Latency (cycles) | Iteration|  Initiation Interval  | Trip |          |
        | Loop Name|   min   |   max   |  Latency |  achieved |   target  | Count| Pipelined|
        +----------+---------+---------+----------+-----------+-----------+------+----------+
        |- Loop 1  |       40|       40|         2|          -|          -|    20|    no    |
        +----------+---------+---------+----------+-----------+-----------+------+----------+



================================================================
== Utilization Estimates
================================================================
* Summary: 
+-----------------+---------+-------+--------+-------+-----+
|       Name      | BRAM_18K| DSP48E|   FF   |  LUT  | URAM|
+-----------------+---------+-------+--------+-------+-----+
|DSP              |        -|      -|       -|      -|    -|
|Expression       |        -|      -|       0|     69|    -|
|FIFO             |        -|      -|       -|      -|    -|
|Instance         |        -|      -|       -|      -|    -|
|Memory           |        -|      -|       -|      -|    -|
|Multiplexer      |        -|      -|       -|     48|    -|
|Register         |        -|      -|      13|      -|    -|
+-----------------+---------+-------+--------+-------+-----+
|Total            |        0|      0|      13|    117|    0|
+-----------------+---------+-------+--------+-------+-----+
|Available        |      432|    360|  141120|  70560|    0|
+-----------------+---------+-------+--------+-------+-----+
|Utilization (%)  |        0|      0|   ~0   |   ~0  |    0|
+-----------------+---------+-------+--------+-------+-----+

+ Detail: 
    * Instance: 
    N/A

    * DSP48E: 
    N/A

    * Memory: 
    N/A

    * FIFO: 
    N/A

    * Expression: 
    +---------------------+----------+-------+---+----+------------+------------+
    |    Variable Name    | Operation| DSP48E| FF| LUT| Bitwidth P0| Bitwidth P1|
    +---------------------+----------+-------+---+----+------------+------------+
    |i_fu_122_p2          |     +    |      0|  0|  15|           5|           1|
    |outStream_TDATA_int  |     +    |      0|  0|  39|          32|           3|
    |ap_block_state2_io   |    and   |      0|  0|   2|           1|           1|
    |icmp_ln14_fu_116_p2  |   icmp   |      0|  0|  11|           5|           5|
    |ap_block_state2      |    or    |      0|  0|   2|           1|           1|
    +---------------------+----------+-------+---+----+------------+------------+
    |Total                |          |      0|  0|  69|          44|          11|
    +---------------------+----------+-------+---+----+------------+------------+

    * Multiplexer: 
    +-----------------------+----+-----------+-----+-----------+
    |          Name         | LUT| Input Size| Bits| Total Bits|
    +-----------------------+----+-----------+-----+-----------+
    |ap_NS_fsm              |  21|          4|    1|          4|
    |i_0_reg_105            |   9|          2|    5|         10|
    |inStream_TDATA_blk_n   |   9|          2|    1|          2|
    |outStream_TDATA_blk_n  |   9|          2|    1|          2|
    +-----------------------+----+-----------+-----+-----------+
    |Total                  |  48|         10|    8|         18|
    +-----------------------+----+-----------+-----+-----------+

    * Register: 
    +-------------+---+----+-----+-----------+
    |     Name    | FF| LUT| Bits| Const Bits|
    +-------------+---+----+-----+-----------+
    |ap_CS_fsm    |  3|   0|    3|          0|
    |i_0_reg_105  |  5|   0|    5|          0|
    |i_reg_172    |  5|   0|    5|          0|
    +-------------+---+----+-----+-----------+
    |Total        | 13|   0|   13|          0|
    +-------------+---+----+-----+-----------+



================================================================
== Interface
================================================================
* Summary: 
+------------------+-----+-----+------------+--------------------+--------------+
|     RTL Ports    | Dir | Bits|  Protocol  |    Source Object   |    C Type    |
+------------------+-----+-----+------------+--------------------+--------------+
|ap_clk            |  in |    1| ap_ctrl_hs |        pp_1        | return value |
|ap_rst_n          |  in |    1| ap_ctrl_hs |        pp_1        | return value |
|ap_start          |  in |    1| ap_ctrl_hs |        pp_1        | return value |
|ap_done           | out |    1| ap_ctrl_hs |        pp_1        | return value |
|ap_idle           | out |    1| ap_ctrl_hs |        pp_1        | return value |
|ap_ready          | out |    1| ap_ctrl_hs |        pp_1        | return value |
|inStream_TDATA    |  in |   32|    axis    |  inStream_V_data_V |    pointer   |
|inStream_TVALID   |  in |    1|    axis    |  inStream_V_dest_V |    pointer   |
|inStream_TREADY   | out |    1|    axis    |  inStream_V_dest_V |    pointer   |
|inStream_TDEST    |  in |    1|    axis    |  inStream_V_dest_V |    pointer   |
|inStream_TKEEP    |  in |    4|    axis    |  inStream_V_keep_V |    pointer   |
|inStream_TSTRB    |  in |    4|    axis    |  inStream_V_strb_V |    pointer   |
|inStream_TUSER    |  in |    1|    axis    |  inStream_V_user_V |    pointer   |
|inStream_TLAST    |  in |    1|    axis    |  inStream_V_last_V |    pointer   |
|inStream_TID      |  in |    1|    axis    |   inStream_V_id_V  |    pointer   |
|outStream_TDATA   | out |   32|    axis    | outStream_V_data_V |    pointer   |
|outStream_TVALID  | out |    1|    axis    | outStream_V_dest_V |    pointer   |
|outStream_TREADY  |  in |    1|    axis    | outStream_V_dest_V |    pointer   |
|outStream_TDEST   | out |    1|    axis    | outStream_V_dest_V |    pointer   |
|outStream_TKEEP   | out |    4|    axis    | outStream_V_keep_V |    pointer   |
|outStream_TSTRB   | out |    4|    axis    | outStream_V_strb_V |    pointer   |
|outStream_TUSER   | out |    1|    axis    | outStream_V_user_V |    pointer   |
|outStream_TLAST   | out |    1|    axis    | outStream_V_last_V |    pointer   |
|outStream_TID     | out |    1|    axis    |  outStream_V_id_V  |    pointer   |
+------------------+-----+-----+------------+--------------------+--------------+

============================================================
+ Verbose Summary: Synthesis Manager
============================================================
InlineROM: 1
ExposeGlobal: 0
============================================================
+ Verbose Summary: CDFG Model
============================================================
IsTopModel: 1
ResetActiveHigh: 1
IsCombinational: 2
IsDatapathOnly: 2
HasWiredReturn: 1
HasMFsm: 0
HasVarLatency: 1
IsPipeline: 0
IsRtlPipelined: 0
IsInstanceOverlapped: 0
IsDontTouch: 0
HasImplIP: 0
IsGatedGlobalClock: 0


============================================================
+ Verbose Summary: Schedule
============================================================
* Number of FSM states : 3
* Pipeline : 0
* Dataflow Pipeline: 0

* FSM state transitions: 
1 --> 2 
2 --> 3 
3 --> 2 

* FSM state operations: 

State 1 <SV = 0> <Delay = 0.75>
ST_1 : Operation 4 [1/1] (0.00ns)   --->   "call void (...)* @_ssdm_op_SpecBitsMap(i32* %inStream_V_data_V), !map !44"   --->   Operation 4 'specbitsmap' <Predicate = true> <Delay = 0.00>
ST_1 : Operation 5 [1/1] (0.00ns)   --->   "call void (...)* @_ssdm_op_SpecBitsMap(i4* %inStream_V_keep_V), !map !50"   --->   Operation 5 'specbitsmap' <Predicate = true> <Delay = 0.00>
ST_1 : Operation 6 [1/1] (0.00ns)   --->   "call void (...)* @_ssdm_op_SpecBitsMap(i4* %inStream_V_strb_V), !map !54"   --->   Operation 6 'specbitsmap' <Predicate = true> <Delay = 0.00>
ST_1 : Operation 7 [1/1] (0.00ns)   --->   "call void (...)* @_ssdm_op_SpecBitsMap(i1* %inStream_V_user_V), !map !58"   --->   Operation 7 'specbitsmap' <Predicate = true> <Delay = 0.00>
ST_1 : Operation 8 [1/1] (0.00ns)   --->   "call void (...)* @_ssdm_op_SpecBitsMap(i1* %inStream_V_last_V), !map !62"   --->   Operation 8 'specbitsmap' <Predicate = true> <Delay = 0.00>
ST_1 : Operation 9 [1/1] (0.00ns)   --->   "call void (...)* @_ssdm_op_SpecBitsMap(i1* %inStream_V_id_V), !map !66"   --->   Operation 9 'specbitsmap' <Predicate = true> <Delay = 0.00>
ST_1 : Operation 10 [1/1] (0.00ns)   --->   "call void (...)* @_ssdm_op_SpecBitsMap(i1* %inStream_V_dest_V), !map !70"   --->   Operation 10 'specbitsmap' <Predicate = true> <Delay = 0.00>
ST_1 : Operation 11 [1/1] (0.00ns)   --->   "call void (...)* @_ssdm_op_SpecBitsMap(i32* %outStream_V_data_V), !map !74"   --->   Operation 11 'specbitsmap' <Predicate = true> <Delay = 0.00>
ST_1 : Operation 12 [1/1] (0.00ns)   --->   "call void (...)* @_ssdm_op_SpecBitsMap(i4* %outStream_V_keep_V), !map !78"   --->   Operation 12 'specbitsmap' <Predicate = true> <Delay = 0.00>
ST_1 : Operation 13 [1/1] (0.00ns)   --->   "call void (...)* @_ssdm_op_SpecBitsMap(i4* %outStream_V_strb_V), !map !82"   --->   Operation 13 'specbitsmap' <Predicate = true> <Delay = 0.00>
ST_1 : Operation 14 [1/1] (0.00ns)   --->   "call void (...)* @_ssdm_op_SpecBitsMap(i1* %outStream_V_user_V), !map !86"   --->   Operation 14 'specbitsmap' <Predicate = true> <Delay = 0.00>
ST_1 : Operation 15 [1/1] (0.00ns)   --->   "call void (...)* @_ssdm_op_SpecBitsMap(i1* %outStream_V_last_V), !map !90"   --->   Operation 15 'specbitsmap' <Predicate = true> <Delay = 0.00>
ST_1 : Operation 16 [1/1] (0.00ns)   --->   "call void (...)* @_ssdm_op_SpecBitsMap(i1* %outStream_V_id_V), !map !94"   --->   Operation 16 'specbitsmap' <Predicate = true> <Delay = 0.00>
ST_1 : Operation 17 [1/1] (0.00ns)   --->   "call void (...)* @_ssdm_op_SpecBitsMap(i1* %outStream_V_dest_V), !map !98"   --->   Operation 17 'specbitsmap' <Predicate = true> <Delay = 0.00>
ST_1 : Operation 18 [1/1] (0.00ns)   --->   "call void (...)* @_ssdm_op_SpecTopModule([5 x i8]* @pp_1_str) nounwind"   --->   Operation 18 'spectopmodule' <Predicate = true> <Delay = 0.00>
ST_1 : Operation 19 [1/1] (0.00ns)   --->   "call void (...)* @_ssdm_op_SpecInterface(i32* %inStream_V_data_V, i4* %inStream_V_keep_V, i4* %inStream_V_strb_V, i1* %inStream_V_user_V, i1* %inStream_V_last_V, i1* %inStream_V_id_V, i1* %inStream_V_dest_V, [5 x i8]* @p_str, i32 1, i32 1, [5 x i8]* @p_str1, i32 0, i32 0, [1 x i8]* @p_str2, [1 x i8]* @p_str2, [1 x i8]* @p_str2, i32 0, i32 0, i32 0, i32 0, [1 x i8]* @p_str2, [1 x i8]* @p_str2) nounwind" [pp_core.cpp:11]   --->   Operation 19 'specinterface' <Predicate = true> <Delay = 0.00>
ST_1 : Operation 20 [1/1] (0.00ns)   --->   "call void (...)* @_ssdm_op_SpecInterface(i32* %outStream_V_data_V, i4* %outStream_V_keep_V, i4* %outStream_V_strb_V, i1* %outStream_V_user_V, i1* %outStream_V_last_V, i1* %outStream_V_id_V, i1* %outStream_V_dest_V, [5 x i8]* @p_str, i32 1, i32 1, [5 x i8]* @p_str1, i32 0, i32 0, [1 x i8]* @p_str2, [1 x i8]* @p_str2, [1 x i8]* @p_str2, i32 0, i32 0, i32 0, i32 0, [1 x i8]* @p_str2, [1 x i8]* @p_str2) nounwind" [pp_core.cpp:12]   --->   Operation 20 'specinterface' <Predicate = true> <Delay = 0.00>
ST_1 : Operation 21 [1/1] (0.75ns)   --->   "br label %1" [pp_core.cpp:14]   --->   Operation 21 'br' <Predicate = true> <Delay = 0.75>

State 2 <SV = 1> <Delay = 1.20>
ST_2 : Operation 22 [1/1] (0.00ns)   --->   "%i_0 = phi i5 [ 0, %0 ], [ %i, %2 ]"   --->   Operation 22 'phi' 'i_0' <Predicate = true> <Delay = 0.00>
ST_2 : Operation 23 [1/1] (0.87ns)   --->   "%icmp_ln14 = icmp eq i5 %i_0, -12" [pp_core.cpp:14]   --->   Operation 23 'icmp' 'icmp_ln14' <Predicate = true> <Delay = 0.87> <Core = "Cmp">   --->   Core 25 'Cmp' <Latency = 0> <II = 1> <Delay = 0.87> <FuncUnit> <Opcode : 'icmp'> <InPorts = 2> <OutPorts = 1>
ST_2 : Operation 24 [1/1] (0.00ns)   --->   "%empty = call i32 (...)* @_ssdm_op_SpecLoopTripCount(i64 20, i64 20, i64 20)"   --->   Operation 24 'speclooptripcount' 'empty' <Predicate = true> <Delay = 0.00>
ST_2 : Operation 25 [1/1] (0.87ns)   --->   "%i = add i5 %i_0, 1" [pp_core.cpp:14]   --->   Operation 25 'add' 'i' <Predicate = true> <Delay = 0.87> <Core = "AddSub">   --->   Core 14 'AddSub' <Latency = 0> <II = 1> <Delay = 1.20> <FuncUnit> <Opcode : 'add' 'sub'> <InPorts = 2> <OutPorts = 1>
ST_2 : Operation 26 [1/1] (0.00ns)   --->   "br i1 %icmp_ln14, label %3, label %2" [pp_core.cpp:14]   --->   Operation 26 'br' <Predicate = true> <Delay = 0.00>
ST_2 : Operation 27 [1/1] (0.00ns)   --->   "%empty_2 = call { i32, i4, i4, i1, i1, i1, i1 } @_ssdm_op_Read.axis.volatile.i32P.i4P.i4P.i1P.i1P.i1P.i1P(i32* %inStream_V_data_V, i4* %inStream_V_keep_V, i4* %inStream_V_strb_V, i1* %inStream_V_user_V, i1* %inStream_V_last_V, i1* %inStream_V_id_V, i1* %inStream_V_dest_V)" [pp_core.cpp:16]   --->   Operation 27 'read' 'empty_2' <Predicate = (!icmp_ln14)> <Delay = 0.00> <Core = "AXI4Stream">   --->   Core 5 'AXI4Stream' <Latency = 0> <II = 1> <Delay = 1.00> <Adapter> <Opcode : >
ST_2 : Operation 28 [1/1] (0.00ns) (grouped into LUT with out node valOut_data_V)   --->   "%tmp_data_V = extractvalue { i32, i4, i4, i1, i1, i1, i1 } %empty_2, 0" [pp_core.cpp:16]   --->   Operation 28 'extractvalue' 'tmp_data_V' <Predicate = (!icmp_ln14)> <Delay = 0.00>
ST_2 : Operation 29 [1/1] (0.00ns)   --->   "%tmp_keep_V = extractvalue { i32, i4, i4, i1, i1, i1, i1 } %empty_2, 1" [pp_core.cpp:16]   --->   Operation 29 'extractvalue' 'tmp_keep_V' <Predicate = (!icmp_ln14)> <Delay = 0.00>
ST_2 : Operation 30 [1/1] (0.00ns)   --->   "%tmp_strb_V = extractvalue { i32, i4, i4, i1, i1, i1, i1 } %empty_2, 2" [pp_core.cpp:16]   --->   Operation 30 'extractvalue' 'tmp_strb_V' <Predicate = (!icmp_ln14)> <Delay = 0.00>
ST_2 : Operation 31 [1/1] (0.00ns)   --->   "%tmp_user_V = extractvalue { i32, i4, i4, i1, i1, i1, i1 } %empty_2, 3" [pp_core.cpp:16]   --->   Operation 31 'extractvalue' 'tmp_user_V' <Predicate = (!icmp_ln14)> <Delay = 0.00>
ST_2 : Operation 32 [1/1] (0.00ns)   --->   "%tmp_last_V = extractvalue { i32, i4, i4, i1, i1, i1, i1 } %empty_2, 4" [pp_core.cpp:16]   --->   Operation 32 'extractvalue' 'tmp_last_V' <Predicate = (!icmp_ln14)> <Delay = 0.00>
ST_2 : Operation 33 [1/1] (0.00ns)   --->   "%tmp_id_V = extractvalue { i32, i4, i4, i1, i1, i1, i1 } %empty_2, 5" [pp_core.cpp:16]   --->   Operation 33 'extractvalue' 'tmp_id_V' <Predicate = (!icmp_ln14)> <Delay = 0.00>
ST_2 : Operation 34 [1/1] (0.00ns)   --->   "%tmp_dest_V = extractvalue { i32, i4, i4, i1, i1, i1, i1 } %empty_2, 6" [pp_core.cpp:16]   --->   Operation 34 'extractvalue' 'tmp_dest_V' <Predicate = (!icmp_ln14)> <Delay = 0.00>
ST_2 : Operation 35 [1/1] (1.20ns) (out node of the LUT)   --->   "%valOut_data_V = add i32 %tmp_data_V, 5" [pp_core.cpp:19]   --->   Operation 35 'add' 'valOut_data_V' <Predicate = (!icmp_ln14)> <Delay = 1.20> <Core = "AddSub">   --->   Core 14 'AddSub' <Latency = 0> <II = 1> <Delay = 1.20> <FuncUnit> <Opcode : 'add' 'sub'> <InPorts = 2> <OutPorts = 1>
ST_2 : Operation 36 [2/2] (0.00ns)   --->   "call void @_ssdm_op_Write.axis.volatile.i32P.i4P.i4P.i1P.i1P.i1P.i1P(i32* %outStream_V_data_V, i4* %outStream_V_keep_V, i4* %outStream_V_strb_V, i1* %outStream_V_user_V, i1* %outStream_V_last_V, i1* %outStream_V_id_V, i1* %outStream_V_dest_V, i32 %valOut_data_V, i4 %tmp_keep_V, i4 %tmp_strb_V, i1 %tmp_user_V, i1 %tmp_last_V, i1 %tmp_id_V, i1 %tmp_dest_V)" [pp_core.cpp:29]   --->   Operation 36 'write' <Predicate = (!icmp_ln14)> <Delay = 0.00> <Core = "AXI4Stream">   --->   Core 5 'AXI4Stream' <Latency = 0> <II = 1> <Delay = 1.00> <Adapter> <Opcode : >
ST_2 : Operation 37 [1/1] (0.00ns)   --->   "ret void" [pp_core.cpp:31]   --->   Operation 37 'ret' <Predicate = (icmp_ln14)> <Delay = 0.00>

State 3 <SV = 2> <Delay = 0.00>
ST_3 : Operation 38 [1/2] (0.00ns)   --->   "call void @_ssdm_op_Write.axis.volatile.i32P.i4P.i4P.i1P.i1P.i1P.i1P(i32* %outStream_V_data_V, i4* %outStream_V_keep_V, i4* %outStream_V_strb_V, i1* %outStream_V_user_V, i1* %outStream_V_last_V, i1* %outStream_V_id_V, i1* %outStream_V_dest_V, i32 %valOut_data_V, i4 %tmp_keep_V, i4 %tmp_strb_V, i1 %tmp_user_V, i1 %tmp_last_V, i1 %tmp_id_V, i1 %tmp_dest_V)" [pp_core.cpp:29]   --->   Operation 38 'write' <Predicate = true> <Delay = 0.00> <Core = "AXI4Stream">   --->   Core 5 'AXI4Stream' <Latency = 0> <II = 1> <Delay = 1.00> <Adapter> <Opcode : >
ST_3 : Operation 39 [1/1] (0.00ns)   --->   "br label %1" [pp_core.cpp:14]   --->   Operation 39 'br' <Predicate = true> <Delay = 0.00>


============================================================
+ Verbose Summary: Binding
============================================================
STG Binding: 
---------------- STG Properties BEGIN ----------------
- Is combinational: 0
- Is one-state seq: 0
- Is datapath-only: 0
- Is pipelined: 0
- Is top level: 1
Port [ Return ] is wired: 1; IO mode=ap_ctrl_hs:ce=0
Port [ inStream_V_data_V]:  wired=1; compound=1; hidden=0; nouse=0; global=0; static=0; extern=0; dir=0; type=0; pingpong=0; private_global=0; IO mode=axis:ce=0
Port [ inStream_V_keep_V]:  wired=1; compound=1; hidden=0; nouse=0; global=0; static=0; extern=0; dir=0; type=0; pingpong=0; private_global=0; IO mode=axis:ce=0
Port [ inStream_V_strb_V]:  wired=1; compound=1; hidden=0; nouse=0; global=0; static=0; extern=0; dir=0; type=0; pingpong=0; private_global=0; IO mode=axis:ce=0
Port [ inStream_V_user_V]:  wired=1; compound=1; hidden=0; nouse=0; global=0; static=0; extern=0; dir=0; type=0; pingpong=0; private_global=0; IO mode=axis:ce=0
Port [ inStream_V_last_V]:  wired=1; compound=1; hidden=0; nouse=0; global=0; static=0; extern=0; dir=0; type=0; pingpong=0; private_global=0; IO mode=axis:ce=0
Port [ inStream_V_id_V]:  wired=1; compound=1; hidden=0; nouse=0; global=0; static=0; extern=0; dir=0; type=0; pingpong=0; private_global=0; IO mode=axis:ce=0
Port [ inStream_V_dest_V]:  wired=1; compound=1; hidden=0; nouse=0; global=0; static=0; extern=0; dir=0; type=0; pingpong=0; private_global=0; IO mode=axis:ce=0
Port [ outStream_V_data_V]:  wired=1; compound=1; hidden=0; nouse=0; global=0; static=0; extern=0; dir=1; type=0; pingpong=0; private_global=0; IO mode=axis:ce=0
Port [ outStream_V_keep_V]:  wired=1; compound=1; hidden=0; nouse=0; global=0; static=0; extern=0; dir=1; type=0; pingpong=0; private_global=0; IO mode=axis:ce=0
Port [ outStream_V_strb_V]:  wired=1; compound=1; hidden=0; nouse=0; global=0; static=0; extern=0; dir=1; type=0; pingpong=0; private_global=0; IO mode=axis:ce=0
Port [ outStream_V_user_V]:  wired=1; compound=1; hidden=0; nouse=0; global=0; static=0; extern=0; dir=1; type=0; pingpong=0; private_global=0; IO mode=axis:ce=0
Port [ outStream_V_last_V]:  wired=1; compound=1; hidden=0; nouse=0; global=0; static=0; extern=0; dir=1; type=0; pingpong=0; private_global=0; IO mode=axis:ce=0
Port [ outStream_V_id_V]:  wired=1; compound=1; hidden=0; nouse=0; global=0; static=0; extern=0; dir=1; type=0; pingpong=0; private_global=0; IO mode=axis:ce=0
Port [ outStream_V_dest_V]:  wired=1; compound=1; hidden=0; nouse=0; global=0; static=0; extern=0; dir=1; type=0; pingpong=0; private_global=0; IO mode=axis:ce=0
---------------- STG Properties END ------------------

---------------- Datapath Model BEGIN ----------------

<LifeTime>
<method=bitvector/>
specbitsmap_ln0    (specbitsmap      ) [ 0000]
specbitsmap_ln0    (specbitsmap      ) [ 0000]
specbitsmap_ln0    (specbitsmap      ) [ 0000]
specbitsmap_ln0    (specbitsmap      ) [ 0000]
specbitsmap_ln0    (specbitsmap      ) [ 0000]
specbitsmap_ln0    (specbitsmap      ) [ 0000]
specbitsmap_ln0    (specbitsmap      ) [ 0000]
specbitsmap_ln0    (specbitsmap      ) [ 0000]
specbitsmap_ln0    (specbitsmap      ) [ 0000]
specbitsmap_ln0    (specbitsmap      ) [ 0000]
specbitsmap_ln0    (specbitsmap      ) [ 0000]
specbitsmap_ln0    (specbitsmap      ) [ 0000]
specbitsmap_ln0    (specbitsmap      ) [ 0000]
specbitsmap_ln0    (specbitsmap      ) [ 0000]
spectopmodule_ln0  (spectopmodule    ) [ 0000]
specinterface_ln11 (specinterface    ) [ 0000]
specinterface_ln12 (specinterface    ) [ 0000]
br_ln14            (br               ) [ 0111]
i_0                (phi              ) [ 0010]
icmp_ln14          (icmp             ) [ 0011]
empty              (speclooptripcount) [ 0000]
i                  (add              ) [ 0111]
br_ln14            (br               ) [ 0000]
empty_2            (read             ) [ 0000]
tmp_data_V         (extractvalue     ) [ 0000]
tmp_keep_V         (extractvalue     ) [ 0001]
tmp_strb_V         (extractvalue     ) [ 0001]
tmp_user_V         (extractvalue     ) [ 0001]
tmp_last_V         (extractvalue     ) [ 0001]
tmp_id_V           (extractvalue     ) [ 0001]
tmp_dest_V         (extractvalue     ) [ 0001]
valOut_data_V      (add              ) [ 0001]
ret_ln31           (ret              ) [ 0000]
write_ln29         (write            ) [ 0000]
br_ln14            (br               ) [ 0111]
</LifeTime>

<model>

<comp_list>
<comp id="0" class="1000" name="inStream_V_data_V">
<pin_list>
<pin id="1" dir="1" index="0" bw="1" slack="0"/>
</pin_list>
<bind>
<StgValue><ssdm name="inStream_V_data_V"/></StgValue>
</bind>
</comp>

<comp id="2" class="1000" name="inStream_V_keep_V">
<pin_list>
<pin id="3" dir="1" index="0" bw="1" slack="0"/>
</pin_list>
<bind>
<StgValue><ssdm name="inStream_V_keep_V"/></StgValue>
</bind>
</comp>

<comp id="4" class="1000" name="inStream_V_strb_V">
<pin_list>
<pin id="5" dir="1" index="0" bw="1" slack="0"/>
</pin_list>
<bind>
<StgValue><ssdm name="inStream_V_strb_V"/></StgValue>
</bind>
</comp>

<comp id="6" class="1000" name="inStream_V_user_V">
<pin_list>
<pin id="7" dir="1" index="0" bw="1" slack="0"/>
</pin_list>
<bind>
<StgValue><ssdm name="inStream_V_user_V"/></StgValue>
</bind>
</comp>

<comp id="8" class="1000" name="inStream_V_last_V">
<pin_list>
<pin id="9" dir="1" index="0" bw="1" slack="0"/>
</pin_list>
<bind>
<StgValue><ssdm name="inStream_V_last_V"/></StgValue>
</bind>
</comp>

<comp id="10" class="1000" name="inStream_V_id_V">
<pin_list>
<pin id="11" dir="1" index="0" bw="1" slack="0"/>
</pin_list>
<bind>
<StgValue><ssdm name="inStream_V_id_V"/></StgValue>
</bind>
</comp>

<comp id="12" class="1000" name="inStream_V_dest_V">
<pin_list>
<pin id="13" dir="1" index="0" bw="1" slack="0"/>
</pin_list>
<bind>
<StgValue><ssdm name="inStream_V_dest_V"/></StgValue>
</bind>
</comp>

<comp id="14" class="1000" name="outStream_V_data_V">
<pin_list>
<pin id="15" dir="1" index="0" bw="1" slack="0"/>
</pin_list>
<bind>
<StgValue><ssdm name="outStream_V_data_V"/></StgValue>
</bind>
</comp>

<comp id="16" class="1000" name="outStream_V_keep_V">
<pin_list>
<pin id="17" dir="1" index="0" bw="1" slack="0"/>
</pin_list>
<bind>
<StgValue><ssdm name="outStream_V_keep_V"/></StgValue>
</bind>
</comp>

<comp id="18" class="1000" name="outStream_V_strb_V">
<pin_list>
<pin id="19" dir="1" index="0" bw="1" slack="0"/>
</pin_list>
<bind>
<StgValue><ssdm name="outStream_V_strb_V"/></StgValue>
</bind>
</comp>

<comp id="20" class="1000" name="outStream_V_user_V">
<pin_list>
<pin id="21" dir="1" index="0" bw="1" slack="0"/>
</pin_list>
<bind>
<StgValue><ssdm name="outStream_V_user_V"/></StgValue>
</bind>
</comp>

<comp id="22" class="1000" name="outStream_V_last_V">
<pin_list>
<pin id="23" dir="1" index="0" bw="1" slack="0"/>
</pin_list>
<bind>
<StgValue><ssdm name="outStream_V_last_V"/></StgValue>
</bind>
</comp>

<comp id="24" class="1000" name="outStream_V_id_V">
<pin_list>
<pin id="25" dir="1" index="0" bw="1" slack="0"/>
</pin_list>
<bind>
<StgValue><ssdm name="outStream_V_id_V"/></StgValue>
</bind>
</comp>

<comp id="26" class="1000" name="outStream_V_dest_V">
<pin_list>
<pin id="27" dir="1" index="0" bw="1" slack="0"/>
</pin_list>
<bind>
<StgValue><ssdm name="outStream_V_dest_V"/></StgValue>
</bind>
</comp>

<comp id="28" class="1001" name="const_28">
<pin_list>
<pin id="29" dir="1" index="0" bw="1" slack="2147483647"/>
</pin_list>
<bind>
<StgValue><ssdm name="_ssdm_op_SpecBitsMap"/></StgValue>
</bind>
</comp>

<comp id="30" class="1001" name="const_30">
<pin_list>
<pin id="31" dir="1" index="0" bw="1" slack="2147483647"/>
</pin_list>
<bind>
<StgValue><ssdm name="_ssdm_op_SpecTopModule"/></StgValue>
</bind>
</comp>

<comp id="32" class="1001" name="const_32">
<pin_list>
<pin id="33" dir="1" index="0" bw="1" slack="2147483647"/>
</pin_list>
<bind>
<StgValue><ssdm name="pp_1_str"/></StgValue>
</bind>
</comp>

<comp id="34" class="1001" name="const_34">
<pin_list>
<pin id="35" dir="1" index="0" bw="1" slack="2147483647"/>
</pin_list>
<bind>
<StgValue><ssdm name="_ssdm_op_SpecInterface"/></StgValue>
</bind>
</comp>

<comp id="36" class="1001" name="const_36">
<pin_list>
<pin id="37" dir="1" index="0" bw="1" slack="2147483647"/>
</pin_list>
<bind>
<StgValue><ssdm name="p_str"/></StgValue>
</bind>
</comp>

<comp id="38" class="1001" name="const_38">
<pin_list>
<pin id="39" dir="1" index="0" bw="1" slack="2147483647"/>
</pin_list>
<bind>
<StgValue><ssdm name=""/></StgValue>
</bind>
</comp>

<comp id="40" class="1001" name="const_40">
<pin_list>
<pin id="41" dir="1" index="0" bw="1" slack="2147483647"/>
</pin_list>
<bind>
<StgValue><ssdm name="p_str1"/></StgValue>
</bind>
</comp>

<comp id="42" class="1001" name="const_42">
<pin_list>
<pin id="43" dir="1" index="0" bw="1" slack="2147483647"/>
</pin_list>
<bind>
<StgValue><ssdm name=""/></StgValue>
</bind>
</comp>

<comp id="44" class="1001" name="const_44">
<pin_list>
<pin id="45" dir="1" index="0" bw="1" slack="2147483647"/>
</pin_list>
<bind>
<StgValue><ssdm name="p_str2"/></StgValue>
</bind>
</comp>

<comp id="46" class="1001" name="const_46">
<pin_list>
<pin id="47" dir="1" index="0" bw="1" slack="1"/>
</pin_list>
<bind>
<StgValue><ssdm name=""/></StgValue>
</bind>
</comp>

<comp id="48" class="1001" name="const_48">
<pin_list>
<pin id="49" dir="1" index="0" bw="1" slack="0"/>
</pin_list>
<bind>
<StgValue><ssdm name=""/></StgValue>
</bind>
</comp>

<comp id="50" class="1001" name="const_50">
<pin_list>
<pin id="51" dir="1" index="0" bw="1" slack="2147483647"/>
</pin_list>
<bind>
<StgValue><ssdm name="_ssdm_op_SpecLoopTripCount"/></StgValue>
</bind>
</comp>

<comp id="52" class="1001" name="const_52">
<pin_list>
<pin id="53" dir="1" index="0" bw="1" slack="2147483647"/>
</pin_list>
<bind>
<StgValue><ssdm name=""/></StgValue>
</bind>
</comp>

<comp id="54" class="1001" name="const_54">
<pin_list>
<pin id="55" dir="1" index="0" bw="1" slack="0"/>
</pin_list>
<bind>
<StgValue><ssdm name=""/></StgValue>
</bind>
</comp>

<comp id="56" class="1001" name="const_56">
<pin_list>
<pin id="57" dir="1" index="0" bw="1" slack="0"/>
</pin_list>
<bind>
<StgValue><ssdm name="_ssdm_op_Read.axis.volatile.i32P.i4P.i4P.i1P.i1P.i1P.i1P"/></StgValue>
</bind>
</comp>

<comp id="58" class="1001" name="const_58">
<pin_list>
<pin id="59" dir="1" index="0" bw="1" slack="0"/>
</pin_list>
<bind>
<StgValue><ssdm name=""/></StgValue>
</bind>
</comp>

<comp id="60" class="1001" name="const_60">
<pin_list>
<pin id="61" dir="1" index="0" bw="1" slack="0"/>
</pin_list>
<bind>
<StgValue><ssdm name="_ssdm_op_Write.axis.volatile.i32P.i4P.i4P.i1P.i1P.i1P.i1P"/></StgValue>
</bind>
</comp>

<comp id="62" class="1004" name="empty_2_read_fu_62">
<pin_list>
<pin id="63" dir="0" index="0" bw="44" slack="0"/>
<pin id="64" dir="0" index="1" bw="32" slack="0"/>
<pin id="65" dir="0" index="2" bw="4" slack="0"/>
<pin id="66" dir="0" index="3" bw="4" slack="0"/>
<pin id="67" dir="0" index="4" bw="1" slack="0"/>
<pin id="68" dir="0" index="5" bw="1" slack="0"/>
<pin id="69" dir="0" index="6" bw="1" slack="0"/>
<pin id="70" dir="0" index="7" bw="1" slack="0"/>
<pin id="71" dir="1" index="8" bw="44" slack="0"/>
</pin_list>
<bind>
<opcode="read(1150) " fcode="read"/>
<opset="empty_2/2 "/>
</bind>
</comp>

<comp id="80" class="1004" name="grp_write_fu_80">
<pin_list>
<pin id="81" dir="0" index="0" bw="0" slack="0"/>
<pin id="82" dir="0" index="1" bw="32" slack="0"/>
<pin id="83" dir="0" index="2" bw="4" slack="0"/>
<pin id="84" dir="0" index="3" bw="4" slack="0"/>
<pin id="85" dir="0" index="4" bw="1" slack="0"/>
<pin id="86" dir="0" index="5" bw="1" slack="0"/>
<pin id="87" dir="0" index="6" bw="1" slack="0"/>
<pin id="88" dir="0" index="7" bw="1" slack="0"/>
<pin id="89" dir="0" index="8" bw="32" slack="0"/>
<pin id="90" dir="0" index="9" bw="4" slack="0"/>
<pin id="91" dir="0" index="10" bw="4" slack="0"/>
<pin id="92" dir="0" index="11" bw="1" slack="0"/>
<pin id="93" dir="0" index="12" bw="1" slack="0"/>
<pin id="94" dir="0" index="13" bw="1" slack="0"/>
<pin id="95" dir="0" index="14" bw="1" slack="0"/>
<pin id="96" dir="1" index="15" bw="0" slack="2147483647"/>
</pin_list>
<bind>
<opcode="write(1151) " fcode="write"/>
<opset="write_ln29/2 "/>
</bind>
</comp>

<comp id="105" class="1005" name="i_0_reg_105">
<pin_list>
<pin id="106" dir="0" index="0" bw="5" slack="1"/>
<pin id="107" dir="1" index="1" bw="5" slack="1"/>
</pin_list>
<bind>
<opset="i_0 (phireg) "/>
</bind>
</comp>

<comp id="109" class="1004" name="i_0_phi_fu_109">
<pin_list>
<pin id="110" dir="0" index="0" bw="1" slack="1"/>
<pin id="111" dir="0" index="1" bw="0" slack="2147483647"/>
<pin id="112" dir="0" index="2" bw="5" slack="0"/>
<pin id="113" dir="0" index="3" bw="0" slack="2147483647"/>
<pin id="114" dir="1" index="4" bw="5" slack="0"/>
</pin_list>
<bind>
<opcode="phi(47) " fcode="phi"/>
<opset="i_0/2 "/>
</bind>
</comp>

<comp id="116" class="1004" name="icmp_ln14_fu_116">
<pin_list>
<pin id="117" dir="0" index="0" bw="5" slack="0"/>
<pin id="118" dir="0" index="1" bw="5" slack="0"/>
<pin id="119" dir="1" index="2" bw="1" slack="2147483647"/>
</pin_list>
<bind>
<opcode="icmp(45) " fcode="icmp"/>
<opset="icmp_ln14/2 "/>
</bind>
</comp>

<comp id="122" class="1004" name="i_fu_122">
<pin_list>
<pin id="123" dir="0" index="0" bw="5" slack="0"/>
<pin id="124" dir="0" index="1" bw="1" slack="0"/>
<pin id="125" dir="1" index="2" bw="5" slack="0"/>
</pin_list>
<bind>
<opcode="add(8) " fcode="add"/>
<opset="i/2 "/>
</bind>
</comp>

<comp id="128" class="1004" name="tmp_data_V_fu_128">
<pin_list>
<pin id="129" dir="0" index="0" bw="44" slack="0"/>
<pin id="130" dir="1" index="1" bw="32" slack="0"/>
</pin_list>
<bind>
<opcode="extractvalue(56) " fcode="extractvalue"/>
<opset="tmp_data_V/2 "/>
</bind>
</comp>

<comp id="132" class="1004" name="tmp_keep_V_fu_132">
<pin_list>
<pin id="133" dir="0" index="0" bw="44" slack="0"/>
<pin id="134" dir="1" index="1" bw="4" slack="0"/>
</pin_list>
<bind>
<opcode="extractvalue(56) " fcode="extractvalue"/>
<opset="tmp_keep_V/2 "/>
</bind>
</comp>

<comp id="137" class="1004" name="tmp_strb_V_fu_137">
<pin_list>
<pin id="138" dir="0" index="0" bw="44" slack="0"/>
<pin id="139" dir="1" index="1" bw="4" slack="0"/>
</pin_list>
<bind>
<opcode="extractvalue(56) " fcode="extractvalue"/>
<opset="tmp_strb_V/2 "/>
</bind>
</comp>

<comp id="142" class="1004" name="tmp_user_V_fu_142">
<pin_list>
<pin id="143" dir="0" index="0" bw="44" slack="0"/>
<pin id="144" dir="1" index="1" bw="1" slack="0"/>
</pin_list>
<bind>
<opcode="extractvalue(56) " fcode="extractvalue"/>
<opset="tmp_user_V/2 "/>
</bind>
</comp>

<comp id="147" class="1004" name="tmp_last_V_fu_147">
<pin_list>
<pin id="148" dir="0" index="0" bw="44" slack="0"/>
<pin id="149" dir="1" index="1" bw="1" slack="0"/>
</pin_list>
<bind>
<opcode="extractvalue(56) " fcode="extractvalue"/>
<opset="tmp_last_V/2 "/>
</bind>
</comp>

<comp id="152" class="1004" name="tmp_id_V_fu_152">
<pin_list>
<pin id="153" dir="0" index="0" bw="44" slack="0"/>
<pin id="154" dir="1" index="1" bw="1" slack="0"/>
</pin_list>
<bind>
<opcode="extractvalue(56) " fcode="extractvalue"/>
<opset="tmp_id_V/2 "/>
</bind>
</comp>

<comp id="157" class="1004" name="tmp_dest_V_fu_157">
<pin_list>
<pin id="158" dir="0" index="0" bw="44" slack="0"/>
<pin id="159" dir="1" index="1" bw="1" slack="0"/>
</pin_list>
<bind>
<opcode="extractvalue(56) " fcode="extractvalue"/>
<opset="tmp_dest_V/2 "/>
</bind>
</comp>

<comp id="162" class="1004" name="valOut_data_V_fu_162">
<pin_list>
<pin id="163" dir="0" index="0" bw="32" slack="0"/>
<pin id="164" dir="0" index="1" bw="4" slack="0"/>
<pin id="165" dir="1" index="2" bw="32" slack="0"/>
</pin_list>
<bind>
<opcode="add(8) " fcode="add"/>
<opset="valOut_data_V/2 "/>
</bind>
</comp>

<comp id="172" class="1005" name="i_reg_172">
<pin_list>
<pin id="173" dir="0" index="0" bw="5" slack="0"/>
<pin id="174" dir="1" index="1" bw="5" slack="0"/>
</pin_list>
<bind>
<opset="i "/>
</bind>
</comp>

<comp id="177" class="1005" name="tmp_keep_V_reg_177">
<pin_list>
<pin id="178" dir="0" index="0" bw="4" slack="1"/>
<pin id="179" dir="1" index="1" bw="4" slack="1"/>
</pin_list>
<bind>
<opset="tmp_keep_V "/>
</bind>
</comp>

<comp id="182" class="1005" name="tmp_strb_V_reg_182">
<pin_list>
<pin id="183" dir="0" index="0" bw="4" slack="1"/>
<pin id="184" dir="1" index="1" bw="4" slack="1"/>
</pin_list>
<bind>
<opset="tmp_strb_V "/>
</bind>
</comp>

<comp id="187" class="1005" name="tmp_user_V_reg_187">
<pin_list>
<pin id="188" dir="0" index="0" bw="1" slack="1"/>
<pin id="189" dir="1" index="1" bw="1" slack="1"/>
</pin_list>
<bind>
<opset="tmp_user_V "/>
</bind>
</comp>

<comp id="192" class="1005" name="tmp_last_V_reg_192">
<pin_list>
<pin id="193" dir="0" index="0" bw="1" slack="1"/>
<pin id="194" dir="1" index="1" bw="1" slack="1"/>
</pin_list>
<bind>
<opset="tmp_last_V "/>
</bind>
</comp>

<comp id="197" class="1005" name="tmp_id_V_reg_197">
<pin_list>
<pin id="198" dir="0" index="0" bw="1" slack="1"/>
<pin id="199" dir="1" index="1" bw="1" slack="1"/>
</pin_list>
<bind>
<opset="tmp_id_V "/>
</bind>
</comp>

<comp id="202" class="1005" name="tmp_dest_V_reg_202">
<pin_list>
<pin id="203" dir="0" index="0" bw="1" slack="1"/>
<pin id="204" dir="1" index="1" bw="1" slack="1"/>
</pin_list>
<bind>
<opset="tmp_dest_V "/>
</bind>
</comp>

<comp id="207" class="1005" name="valOut_data_V_reg_207">
<pin_list>
<pin id="208" dir="0" index="0" bw="32" slack="1"/>
<pin id="209" dir="1" index="1" bw="32" slack="1"/>
</pin_list>
<bind>
<opset="valOut_data_V "/>
</bind>
</comp>

</comp_list>

<net_list>
<net id="72"><net_src comp="56" pin="0"/><net_sink comp="62" pin=0"/></net>

<net id="73"><net_src comp="0" pin="0"/><net_sink comp="62" pin=1"/></net>

<net id="74"><net_src comp="2" pin="0"/><net_sink comp="62" pin=2"/></net>

<net id="75"><net_src comp="4" pin="0"/><net_sink comp="62" pin=3"/></net>

<net id="76"><net_src comp="6" pin="0"/><net_sink comp="62" pin=4"/></net>

<net id="77"><net_src comp="8" pin="0"/><net_sink comp="62" pin=5"/></net>

<net id="78"><net_src comp="10" pin="0"/><net_sink comp="62" pin=6"/></net>

<net id="79"><net_src comp="12" pin="0"/><net_sink comp="62" pin=7"/></net>

<net id="97"><net_src comp="60" pin="0"/><net_sink comp="80" pin=0"/></net>

<net id="98"><net_src comp="14" pin="0"/><net_sink comp="80" pin=1"/></net>

<net id="99"><net_src comp="16" pin="0"/><net_sink comp="80" pin=2"/></net>

<net id="100"><net_src comp="18" pin="0"/><net_sink comp="80" pin=3"/></net>

<net id="101"><net_src comp="20" pin="0"/><net_sink comp="80" pin=4"/></net>

<net id="102"><net_src comp="22" pin="0"/><net_sink comp="80" pin=5"/></net>

<net id="103"><net_src comp="24" pin="0"/><net_sink comp="80" pin=6"/></net>

<net id="104"><net_src comp="26" pin="0"/><net_sink comp="80" pin=7"/></net>

<net id="108"><net_src comp="46" pin="0"/><net_sink comp="105" pin=0"/></net>

<net id="115"><net_src comp="105" pin="1"/><net_sink comp="109" pin=0"/></net>

<net id="120"><net_src comp="109" pin="4"/><net_sink comp="116" pin=0"/></net>

<net id="121"><net_src comp="48" pin="0"/><net_sink comp="116" pin=1"/></net>

<net id="126"><net_src comp="109" pin="4"/><net_sink comp="122" pin=0"/></net>

<net id="127"><net_src comp="54" pin="0"/><net_sink comp="122" pin=1"/></net>

<net id="131"><net_src comp="62" pin="8"/><net_sink comp="128" pin=0"/></net>

<net id="135"><net_src comp="62" pin="8"/><net_sink comp="132" pin=0"/></net>

<net id="136"><net_src comp="132" pin="1"/><net_sink comp="80" pin=9"/></net>

<net id="140"><net_src comp="62" pin="8"/><net_sink comp="137" pin=0"/></net>

<net id="141"><net_src comp="137" pin="1"/><net_sink comp="80" pin=10"/></net>

<net id="145"><net_src comp="62" pin="8"/><net_sink comp="142" pin=0"/></net>

<net id="146"><net_src comp="142" pin="1"/><net_sink comp="80" pin=11"/></net>

<net id="150"><net_src comp="62" pin="8"/><net_sink comp="147" pin=0"/></net>

<net id="151"><net_src comp="147" pin="1"/><net_sink comp="80" pin=12"/></net>

<net id="155"><net_src comp="62" pin="8"/><net_sink comp="152" pin=0"/></net>

<net id="156"><net_src comp="152" pin="1"/><net_sink comp="80" pin=13"/></net>

<net id="160"><net_src comp="62" pin="8"/><net_sink comp="157" pin=0"/></net>

<net id="161"><net_src comp="157" pin="1"/><net_sink comp="80" pin=14"/></net>

<net id="166"><net_src comp="128" pin="1"/><net_sink comp="162" pin=0"/></net>

<net id="167"><net_src comp="58" pin="0"/><net_sink comp="162" pin=1"/></net>

<net id="168"><net_src comp="162" pin="2"/><net_sink comp="80" pin=8"/></net>

<net id="175"><net_src comp="122" pin="2"/><net_sink comp="172" pin=0"/></net>

<net id="176"><net_src comp="172" pin="1"/><net_sink comp="109" pin=2"/></net>

<net id="180"><net_src comp="132" pin="1"/><net_sink comp="177" pin=0"/></net>

<net id="181"><net_src comp="177" pin="1"/><net_sink comp="80" pin=9"/></net>

<net id="185"><net_src comp="137" pin="1"/><net_sink comp="182" pin=0"/></net>

<net id="186"><net_src comp="182" pin="1"/><net_sink comp="80" pin=10"/></net>

<net id="190"><net_src comp="142" pin="1"/><net_sink comp="187" pin=0"/></net>

<net id="191"><net_src comp="187" pin="1"/><net_sink comp="80" pin=11"/></net>

<net id="195"><net_src comp="147" pin="1"/><net_sink comp="192" pin=0"/></net>

<net id="196"><net_src comp="192" pin="1"/><net_sink comp="80" pin=12"/></net>

<net id="200"><net_src comp="152" pin="1"/><net_sink comp="197" pin=0"/></net>

<net id="201"><net_src comp="197" pin="1"/><net_sink comp="80" pin=13"/></net>

<net id="205"><net_src comp="157" pin="1"/><net_sink comp="202" pin=0"/></net>

<net id="206"><net_src comp="202" pin="1"/><net_sink comp="80" pin=14"/></net>

<net id="210"><net_src comp="162" pin="2"/><net_sink comp="207" pin=0"/></net>

<net id="211"><net_src comp="207" pin="1"/><net_sink comp="80" pin=8"/></net>

</net_list>

</model> 
---------------- Datapath Model END ------------------

* FSMD analyzer results:
  - Output states:
	Port: outStream_V_data_V | {3 }
	Port: outStream_V_keep_V | {3 }
	Port: outStream_V_strb_V | {3 }
	Port: outStream_V_user_V | {3 }
	Port: outStream_V_last_V | {3 }
	Port: outStream_V_id_V | {3 }
	Port: outStream_V_dest_V | {3 }
 - Input state : 
	Port: pp_1 : inStream_V_data_V | {2 }
	Port: pp_1 : inStream_V_keep_V | {2 }
	Port: pp_1 : inStream_V_strb_V | {2 }
	Port: pp_1 : inStream_V_user_V | {2 }
	Port: pp_1 : inStream_V_last_V | {2 }
	Port: pp_1 : inStream_V_id_V | {2 }
	Port: pp_1 : inStream_V_dest_V | {2 }
  - Chain level:
	State 1
	State 2
		icmp_ln14 : 1
		i : 1
		br_ln14 : 2
		valOut_data_V : 1
		write_ln29 : 2
	State 3


============================================================
+ Verbose Summary: Datapath Resource usage 
============================================================

* Functional unit list:
|----------|----------------------|---------|---------|
| Operation|    Functional Unit   |    FF   |   LUT   |
|----------|----------------------|---------|---------|
|    add   |       i_fu_122       |    0    |    15   |
|          | valOut_data_V_fu_162 |    0    |    39   |
|----------|----------------------|---------|---------|
|   icmp   |   icmp_ln14_fu_116   |    0    |    11   |
|----------|----------------------|---------|---------|
|   read   |  empty_2_read_fu_62  |    0    |    0    |
|----------|----------------------|---------|---------|
|   write  |    grp_write_fu_80   |    0    |    0    |
|----------|----------------------|---------|---------|
|          |   tmp_data_V_fu_128  |    0    |    0    |
|          |   tmp_keep_V_fu_132  |    0    |    0    |
|          |   tmp_strb_V_fu_137  |    0    |    0    |
|extractvalue|   tmp_user_V_fu_142  |    0    |    0    |
|          |   tmp_last_V_fu_147  |    0    |    0    |
|          |    tmp_id_V_fu_152   |    0    |    0    |
|          |   tmp_dest_V_fu_157  |    0    |    0    |
|----------|----------------------|---------|---------|
|   Total  |                      |    0    |    65   |
|----------|----------------------|---------|---------|

Memories:
N/A

* Register list:
+---------------------+--------+
|                     |   FF   |
+---------------------+--------+
|     i_0_reg_105     |    5   |
|      i_reg_172      |    5   |
|  tmp_dest_V_reg_202 |    1   |
|   tmp_id_V_reg_197  |    1   |
|  tmp_keep_V_reg_177 |    4   |
|  tmp_last_V_reg_192 |    1   |
|  tmp_strb_V_reg_182 |    4   |
|  tmp_user_V_reg_187 |    1   |
|valOut_data_V_reg_207|   32   |
+---------------------+--------+
|        Total        |   54   |
+---------------------+--------+

* Multiplexer (MUX) list: 
|-----------------|------|------|------|--------||---------||---------|
|       Comp      |  Pin | Size |  BW  | S x BW ||  Delay  ||   LUT   |
|-----------------|------|------|------|--------||---------||---------|
| grp_write_fu_80 |  p8  |   2  |  32  |   64   ||    9    |
| grp_write_fu_80 |  p9  |   2  |   4  |    8   ||    9    |
| grp_write_fu_80 |  p10 |   2  |   4  |    8   ||    9    |
| grp_write_fu_80 |  p11 |   2  |   1  |    2   ||    9    |
| grp_write_fu_80 |  p12 |   2  |   1  |    2   ||    9    |
| grp_write_fu_80 |  p13 |   2  |   1  |    2   ||    9    |
| grp_write_fu_80 |  p14 |   2  |   1  |    2   ||    9    |
|-----------------|------|------|------|--------||---------||---------|
|      Total      |      |      |      |   88   ||  5.285  ||    63   |
|-----------------|------|------|------|--------||---------||---------|



* Summary:
+-----------+--------+--------+--------+
|           |  Delay |   FF   |   LUT  |
+-----------+--------+--------+--------+
|  Function |    -   |    0   |   65   |
|   Memory  |    -   |    -   |    -   |
|Multiplexer|    5   |    -   |   63   |
|  Register |    -   |   54   |    -   |
+-----------+--------+--------+--------+
|   Total   |    5   |   54   |   128  |
+-----------+--------+--------+--------+
